[0.012s] Invoking command in '/home/itti_jammy/RoverBaldies_ws/build/baldybot_description': CMAKE_PREFIX_PATH=${CMAKE_PREFIX_PATH}:/home/itti_jammy/ros2_ws_jammy/install/my_py_pkg:/home/itti_jammy/RoverBaldies_ws/install/baldybot_CS:/opt/ros/humble /usr/bin/cmake --build /home/itti_jammy/RoverBaldies_ws/build/baldybot_description -- -j16 -l16
[0.051s] -- Found ament_cmake: 1.3.11 (/opt/ros/humble/share/ament_cmake/cmake)
[0.171s] -- Override CMake install command with custom implementation using symlinks instead of copying resources
[0.250s] -- Configuring done
[0.258s] -- Generating done
[0.262s] -- Build files have been written to: /home/itti_jammy/RoverBaldies_ws/build/baldybot_description
[0.299s] Invoked command in '/home/itti_jammy/RoverBaldies_ws/build/baldybot_description' returned '0': CMAKE_PREFIX_PATH=${CMAKE_PREFIX_PATH}:/home/itti_jammy/ros2_ws_jammy/install/my_py_pkg:/home/itti_jammy/RoverBaldies_ws/install/baldybot_CS:/opt/ros/humble /usr/bin/cmake --build /home/itti_jammy/RoverBaldies_ws/build/baldybot_description -- -j16 -l16
[0.301s] Invoking command in '/home/itti_jammy/RoverBaldies_ws/build/baldybot_description': CMAKE_PREFIX_PATH=${CMAKE_PREFIX_PATH}:/home/itti_jammy/ros2_ws_jammy/install/my_py_pkg:/home/itti_jammy/RoverBaldies_ws/install/baldybot_CS:/opt/ros/humble /usr/bin/cmake --install /home/itti_jammy/RoverBaldies_ws/build/baldybot_description
[0.320s] -- Install configuration: ""
[0.320s] -- Execute custom install script
[0.320s] -- Up-to-date symlink: /home/itti_jammy/RoverBaldies_ws/install/baldybot_description/share/baldybot_description//meshes/Robotic_Gripper_Arm_.stl
[0.321s] -- Up-to-date symlink: /home/itti_jammy/RoverBaldies_ws/install/baldybot_description/share/baldybot_description//urdf/arm.xacro
[0.321s] -- Up-to-date symlink: /home/itti_jammy/RoverBaldies_ws/install/baldybot_description/share/baldybot_description//urdf/arm_gazebo.xacro
[0.321s] -- Up-to-date symlink: /home/itti_jammy/RoverBaldies_ws/install/baldybot_description/share/baldybot_description//urdf/baldybot.urdf.xacro
[0.321s] -- Up-to-date symlink: /home/itti_jammy/RoverBaldies_ws/install/baldybot_description/share/baldybot_description//urdf/camera.xacro
[0.321s] -- Up-to-date symlink: /home/itti_jammy/RoverBaldies_ws/install/baldybot_description/share/baldybot_description//urdf/common_properties.xacro
[0.322s] -- Up-to-date symlink: /home/itti_jammy/RoverBaldies_ws/install/baldybot_description/share/baldybot_description//urdf/lidar.xacro
[0.322s] -- Up-to-date symlink: /home/itti_jammy/RoverBaldies_ws/install/baldybot_description/share/baldybot_description//urdf/mobile_base.xacro
[0.322s] -- Up-to-date symlink: /home/itti_jammy/RoverBaldies_ws/install/baldybot_description/share/baldybot_description//urdf/mobile_base_gazebo.xacro
[0.322s] -- Symlinking: /home/itti_jammy/RoverBaldies_ws/install/baldybot_description/share/baldybot_description//urdf/ros2_control.xacro
[0.331s] -- Up-to-date symlink: /home/itti_jammy/RoverBaldies_ws/install/baldybot_description/share/baldybot_description//urdf/standalone_arm.urdf.xacro
[0.332s] -- Up-to-date symlink: /home/itti_jammy/RoverBaldies_ws/install/baldybot_description/share/baldybot_description//launch/arm_display.launch.xml
[0.332s] -- Up-to-date symlink: /home/itti_jammy/RoverBaldies_ws/install/baldybot_description/share/baldybot_description//launch/display.launch.xml
[0.332s] -- Up-to-date symlink: /home/itti_jammy/RoverBaldies_ws/install/baldybot_description/share/baldybot_description//rviz/urdf_arm_config.rviz
[0.333s] -- Up-to-date symlink: /home/itti_jammy/RoverBaldies_ws/install/baldybot_description/share/baldybot_description//rviz/urdf_config.rviz
[0.333s] -- Symlinking: /home/itti_jammy/RoverBaldies_ws/install/baldybot_description/share/baldybot_description//config/my_controllers.yaml
[0.354s] -- Up-to-date symlink: /home/itti_jammy/RoverBaldies_ws/install/baldybot_description/share/ament_index/resource_index/package_run_dependencies/baldybot_description
[0.354s] -- Up-to-date symlink: /home/itti_jammy/RoverBaldies_ws/install/baldybot_description/share/ament_index/resource_index/parent_prefix_path/baldybot_description
[0.354s] -- Up-to-date symlink: /home/itti_jammy/RoverBaldies_ws/install/baldybot_description/share/baldybot_description/environment/ament_prefix_path.sh
[0.354s] -- Up-to-date symlink: /home/itti_jammy/RoverBaldies_ws/install/baldybot_description/share/baldybot_description/environment/ament_prefix_path.dsv
[0.355s] -- Up-to-date symlink: /home/itti_jammy/RoverBaldies_ws/install/baldybot_description/share/baldybot_description/environment/path.sh
[0.355s] -- Up-to-date symlink: /home/itti_jammy/RoverBaldies_ws/install/baldybot_description/share/baldybot_description/environment/path.dsv
[0.355s] -- Up-to-date symlink: /home/itti_jammy/RoverBaldies_ws/install/baldybot_description/share/baldybot_description/local_setup.bash
[0.355s] -- Up-to-date symlink: /home/itti_jammy/RoverBaldies_ws/install/baldybot_description/share/baldybot_description/local_setup.sh
[0.355s] -- Up-to-date symlink: /home/itti_jammy/RoverBaldies_ws/install/baldybot_description/share/baldybot_description/local_setup.zsh
[0.355s] -- Up-to-date symlink: /home/itti_jammy/RoverBaldies_ws/install/baldybot_description/share/baldybot_description/local_setup.dsv
[0.356s] -- Symlinking: /home/itti_jammy/RoverBaldies_ws/install/baldybot_description/share/baldybot_description/package.dsv
[0.378s] -- Up-to-date symlink: /home/itti_jammy/RoverBaldies_ws/install/baldybot_description/share/ament_index/resource_index/packages/baldybot_description
[0.378s] -- Up-to-date symlink: /home/itti_jammy/RoverBaldies_ws/install/baldybot_description/share/baldybot_description/cmake/baldybot_descriptionConfig.cmake
[0.378s] -- Up-to-date symlink: /home/itti_jammy/RoverBaldies_ws/install/baldybot_description/share/baldybot_description/cmake/baldybot_descriptionConfig-version.cmake
[0.378s] -- Up-to-date symlink: /home/itti_jammy/RoverBaldies_ws/install/baldybot_description/share/baldybot_description/package.xml
[0.381s] Invoked command in '/home/itti_jammy/RoverBaldies_ws/build/baldybot_description' returned '0': CMAKE_PREFIX_PATH=${CMAKE_PREFIX_PATH}:/home/itti_jammy/ros2_ws_jammy/install/my_py_pkg:/home/itti_jammy/RoverBaldies_ws/install/baldybot_CS:/opt/ros/humble /usr/bin/cmake --install /home/itti_jammy/RoverBaldies_ws/build/baldybot_description
