[0.027s] Invoking command in '/home/itti_jammy/RoverBaldies_ws/build/baldybot_bringup': CMAKE_PREFIX_PATH=${CMAKE_PREFIX_PATH}:/home/itti_jammy/ros2_ws_jammy/install/my_py_pkg:/home/itti_jammy/RoverBaldies_ws/install/baldybot_CS:/opt/ros/humble /usr/bin/cmake /home/itti_jammy/RoverBaldies_ws/src/baldybot_bringup -DAMENT_CMAKE_SYMLINK_INSTALL=1 -DCMAKE_INSTALL_PREFIX=/home/itti_jammy/RoverBaldies_ws/install/baldybot_bringup
[0.061s] -- Found ament_cmake: 1.3.11 (/opt/ros/humble/share/ament_cmake/cmake)
[0.251s] -- Override CMake install command with custom implementation using symlinks instead of copying resources
[0.400s] -- Configuring done
[0.405s] -- Generating done
[0.408s] -- Build files have been written to: /home/itti_jammy/RoverBaldies_ws/build/baldybot_bringup
[0.413s] Invoked command in '/home/itti_jammy/RoverBaldies_ws/build/baldybot_bringup' returned '0': CMAKE_PREFIX_PATH=${CMAKE_PREFIX_PATH}:/home/itti_jammy/ros2_ws_jammy/install/my_py_pkg:/home/itti_jammy/RoverBaldies_ws/install/baldybot_CS:/opt/ros/humble /usr/bin/cmake /home/itti_jammy/RoverBaldies_ws/src/baldybot_bringup -DAMENT_CMAKE_SYMLINK_INSTALL=1 -DCMAKE_INSTALL_PREFIX=/home/itti_jammy/RoverBaldies_ws/install/baldybot_bringup
[0.419s] Invoking command in '/home/itti_jammy/RoverBaldies_ws/build/baldybot_bringup': CMAKE_PREFIX_PATH=${CMAKE_PREFIX_PATH}:/home/itti_jammy/ros2_ws_jammy/install/my_py_pkg:/home/itti_jammy/RoverBaldies_ws/install/baldybot_CS:/opt/ros/humble /usr/bin/cmake --build /home/itti_jammy/RoverBaldies_ws/build/baldybot_bringup -- -j16 -l16
[0.497s] Invoked command in '/home/itti_jammy/RoverBaldies_ws/build/baldybot_bringup' returned '0': CMAKE_PREFIX_PATH=${CMAKE_PREFIX_PATH}:/home/itti_jammy/ros2_ws_jammy/install/my_py_pkg:/home/itti_jammy/RoverBaldies_ws/install/baldybot_CS:/opt/ros/humble /usr/bin/cmake --build /home/itti_jammy/RoverBaldies_ws/build/baldybot_bringup -- -j16 -l16
[0.516s] Invoking command in '/home/itti_jammy/RoverBaldies_ws/build/baldybot_bringup': CMAKE_PREFIX_PATH=${CMAKE_PREFIX_PATH}:/home/itti_jammy/ros2_ws_jammy/install/my_py_pkg:/home/itti_jammy/RoverBaldies_ws/install/baldybot_CS:/opt/ros/humble /usr/bin/cmake --install /home/itti_jammy/RoverBaldies_ws/build/baldybot_bringup
[0.531s] -- Install configuration: ""
[0.532s] -- Execute custom install script
[0.533s] -- Up-to-date symlink: /home/itti_jammy/RoverBaldies_ws/install/baldybot_bringup/share/baldybot_bringup//launch/baldybot_gazebo.launch.xml
[0.533s] -- Up-to-date symlink: /home/itti_jammy/RoverBaldies_ws/install/baldybot_bringup/share/baldybot_bringup//launch/standalone_arm_gazebo.launch.xml
[0.533s] -- Up-to-date symlink: /home/itti_jammy/RoverBaldies_ws/install/baldybot_bringup/share/baldybot_bringup//worlds/test_world.world
[0.533s] -- Up-to-date symlink: /home/itti_jammy/RoverBaldies_ws/install/baldybot_bringup/share/ament_index/resource_index/package_run_dependencies/baldybot_bringup
[0.534s] -- Up-to-date symlink: /home/itti_jammy/RoverBaldies_ws/install/baldybot_bringup/share/ament_index/resource_index/parent_prefix_path/baldybot_bringup
[0.534s] -- Up-to-date symlink: /home/itti_jammy/RoverBaldies_ws/install/baldybot_bringup/share/baldybot_bringup/environment/ament_prefix_path.sh
[0.534s] -- Up-to-date symlink: /home/itti_jammy/RoverBaldies_ws/install/baldybot_bringup/share/baldybot_bringup/environment/ament_prefix_path.dsv
[0.535s] -- Up-to-date symlink: /home/itti_jammy/RoverBaldies_ws/install/baldybot_bringup/share/baldybot_bringup/environment/path.sh
[0.535s] -- Up-to-date symlink: /home/itti_jammy/RoverBaldies_ws/install/baldybot_bringup/share/baldybot_bringup/environment/path.dsv
[0.535s] -- Up-to-date symlink: /home/itti_jammy/RoverBaldies_ws/install/baldybot_bringup/share/baldybot_bringup/local_setup.bash
[0.536s] -- Up-to-date symlink: /home/itti_jammy/RoverBaldies_ws/install/baldybot_bringup/share/baldybot_bringup/local_setup.sh
[0.536s] -- Up-to-date symlink: /home/itti_jammy/RoverBaldies_ws/install/baldybot_bringup/share/baldybot_bringup/local_setup.zsh
[0.536s] -- Up-to-date symlink: /home/itti_jammy/RoverBaldies_ws/install/baldybot_bringup/share/baldybot_bringup/local_setup.dsv
[0.537s] -- Symlinking: /home/itti_jammy/RoverBaldies_ws/install/baldybot_bringup/share/baldybot_bringup/package.dsv
[0.557s] -- Up-to-date symlink: /home/itti_jammy/RoverBaldies_ws/install/baldybot_bringup/share/ament_index/resource_index/packages/baldybot_bringup
[0.557s] -- Up-to-date symlink: /home/itti_jammy/RoverBaldies_ws/install/baldybot_bringup/share/baldybot_bringup/cmake/baldybot_bringupConfig.cmake
[0.557s] -- Up-to-date symlink: /home/itti_jammy/RoverBaldies_ws/install/baldybot_bringup/share/baldybot_bringup/cmake/baldybot_bringupConfig-version.cmake
[0.557s] -- Up-to-date symlink: /home/itti_jammy/RoverBaldies_ws/install/baldybot_bringup/share/baldybot_bringup/package.xml
[0.561s] Invoked command in '/home/itti_jammy/RoverBaldies_ws/build/baldybot_bringup' returned '0': CMAKE_PREFIX_PATH=${CMAKE_PREFIX_PATH}:/home/itti_jammy/ros2_ws_jammy/install/my_py_pkg:/home/itti_jammy/RoverBaldies_ws/install/baldybot_CS:/opt/ros/humble /usr/bin/cmake --install /home/itti_jammy/RoverBaldies_ws/build/baldybot_bringup
