[0.016s] Invoking command in '/home/itti_jammy/RoverBaldies_ws/build/baldybot_bringup': CMAKE_PREFIX_PATH=${CMAKE_PREFIX_PATH}:/home/itti_jammy/ros2_ws_jammy/install/my_py_pkg:/opt/ros/humble /usr/bin/cmake /home/itti_jammy/RoverBaldies_ws/src/baldybot_bringup -DCMAKE_INSTALL_PREFIX=/home/itti_jammy/RoverBaldies_ws/install/baldybot_bringup
[0.106s] -- The C compiler identification is GNU 11.4.0
[0.173s] -- The CXX compiler identification is GNU 11.4.0
[0.184s] -- Detecting C compiler ABI info
[0.283s] -- Detecting C compiler ABI info - done
[0.301s] -- Check for working C compiler: /usr/bin/cc - skipped
[0.302s] -- Detecting C compile features
[0.303s] -- Detecting C compile features - done
[0.310s] -- Detecting CXX compiler ABI info
[0.411s] -- Detecting CXX compiler ABI info - done
[0.418s] -- Check for working CXX compiler: /usr/bin/c++ - skipped
[0.418s] -- Detecting CXX compile features
[0.418s] -- Detecting CXX compile features - done
[0.423s] -- Found ament_cmake: 1.3.11 (/opt/ros/humble/share/ament_cmake/cmake)
[0.586s] -- Found Python3: /usr/bin/python3 (found version "3.10.12") found components: Interpreter 
[0.787s] -- Configuring done
[0.793s] -- Generating done
[0.796s] -- Build files have been written to: /home/itti_jammy/RoverBaldies_ws/build/baldybot_bringup
[0.805s] Invoked command in '/home/itti_jammy/RoverBaldies_ws/build/baldybot_bringup' returned '0': CMAKE_PREFIX_PATH=${CMAKE_PREFIX_PATH}:/home/itti_jammy/ros2_ws_jammy/install/my_py_pkg:/opt/ros/humble /usr/bin/cmake /home/itti_jammy/RoverBaldies_ws/src/baldybot_bringup -DCMAKE_INSTALL_PREFIX=/home/itti_jammy/RoverBaldies_ws/install/baldybot_bringup
[0.809s] Invoking command in '/home/itti_jammy/RoverBaldies_ws/build/baldybot_bringup': CMAKE_PREFIX_PATH=${CMAKE_PREFIX_PATH}:/home/itti_jammy/ros2_ws_jammy/install/my_py_pkg:/opt/ros/humble /usr/bin/cmake --build /home/itti_jammy/RoverBaldies_ws/build/baldybot_bringup -- -j16 -l16
[0.874s] Invoked command in '/home/itti_jammy/RoverBaldies_ws/build/baldybot_bringup' returned '0': CMAKE_PREFIX_PATH=${CMAKE_PREFIX_PATH}:/home/itti_jammy/ros2_ws_jammy/install/my_py_pkg:/opt/ros/humble /usr/bin/cmake --build /home/itti_jammy/RoverBaldies_ws/build/baldybot_bringup -- -j16 -l16
[0.877s] Invoking command in '/home/itti_jammy/RoverBaldies_ws/build/baldybot_bringup': CMAKE_PREFIX_PATH=${CMAKE_PREFIX_PATH}:/home/itti_jammy/ros2_ws_jammy/install/my_py_pkg:/opt/ros/humble /usr/bin/cmake --install /home/itti_jammy/RoverBaldies_ws/build/baldybot_bringup
[0.885s] -- Install configuration: ""
[0.886s] -- Installing: /home/itti_jammy/RoverBaldies_ws/install/baldybot_bringup/share/baldybot_bringup//launch
[0.886s] -- Installing: /home/itti_jammy/RoverBaldies_ws/install/baldybot_bringup/share/baldybot_bringup//launch/baldybot_gazebo.launch.xml
[0.886s] -- Installing: /home/itti_jammy/RoverBaldies_ws/install/baldybot_bringup/share/baldybot_bringup//worlds
[0.886s] -- Installing: /home/itti_jammy/RoverBaldies_ws/install/baldybot_bringup/share/baldybot_bringup//worlds/test_world.world
[0.887s] -- Installing: /home/itti_jammy/RoverBaldies_ws/install/baldybot_bringup/share/ament_index/resource_index/package_run_dependencies/baldybot_bringup
[0.887s] -- Installing: /home/itti_jammy/RoverBaldies_ws/install/baldybot_bringup/share/ament_index/resource_index/parent_prefix_path/baldybot_bringup
[0.887s] -- Installing: /home/itti_jammy/RoverBaldies_ws/install/baldybot_bringup/share/baldybot_bringup/environment/ament_prefix_path.sh
[0.887s] -- Installing: /home/itti_jammy/RoverBaldies_ws/install/baldybot_bringup/share/baldybot_bringup/environment/ament_prefix_path.dsv
[0.887s] -- Installing: /home/itti_jammy/RoverBaldies_ws/install/baldybot_bringup/share/baldybot_bringup/environment/path.sh
[0.888s] -- Installing: /home/itti_jammy/RoverBaldies_ws/install/baldybot_bringup/share/baldybot_bringup/environment/path.dsv
[0.888s] -- Installing: /home/itti_jammy/RoverBaldies_ws/install/baldybot_bringup/share/baldybot_bringup/local_setup.bash
[0.888s] -- Installing: /home/itti_jammy/RoverBaldies_ws/install/baldybot_bringup/share/baldybot_bringup/local_setup.sh
[0.888s] -- Installing: /home/itti_jammy/RoverBaldies_ws/install/baldybot_bringup/share/baldybot_bringup/local_setup.zsh
[0.889s] -- Installing: /home/itti_jammy/RoverBaldies_ws/install/baldybot_bringup/share/baldybot_bringup/local_setup.dsv
[0.889s] -- Installing: /home/itti_jammy/RoverBaldies_ws/install/baldybot_bringup/share/baldybot_bringup/package.dsv
[0.889s] -- Installing: /home/itti_jammy/RoverBaldies_ws/install/baldybot_bringup/share/ament_index/resource_index/packages/baldybot_bringup
[0.889s] -- Installing: /home/itti_jammy/RoverBaldies_ws/install/baldybot_bringup/share/baldybot_bringup/cmake/baldybot_bringupConfig.cmake
[0.889s] -- Installing: /home/itti_jammy/RoverBaldies_ws/install/baldybot_bringup/share/baldybot_bringup/cmake/baldybot_bringupConfig-version.cmake
[0.889s] -- Installing: /home/itti_jammy/RoverBaldies_ws/install/baldybot_bringup/share/baldybot_bringup/package.xml
[0.891s] Invoked command in '/home/itti_jammy/RoverBaldies_ws/build/baldybot_bringup' returned '0': CMAKE_PREFIX_PATH=${CMAKE_PREFIX_PATH}:/home/itti_jammy/ros2_ws_jammy/install/my_py_pkg:/opt/ros/humble /usr/bin/cmake --install /home/itti_jammy/RoverBaldies_ws/build/baldybot_bringup
