running egg_info
creating ../../build/baldybot_CS/baldybot_CS.egg-info
writing ../../build/baldybot_CS/baldybot_CS.egg-info/PKG-INFO
writing dependency_links to ../../build/baldybot_CS/baldybot_CS.egg-info/dependency_links.txt
writing entry points to ../../build/baldybot_CS/baldybot_CS.egg-info/entry_points.txt
writing requirements to ../../build/baldybot_CS/baldybot_CS.egg-info/requires.txt
writing top-level names to ../../build/baldybot_CS/baldybot_CS.egg-info/top_level.txt
writing manifest file '../../build/baldybot_CS/baldybot_CS.egg-info/SOURCES.txt'
reading manifest file '../../build/baldybot_CS/baldybot_CS.egg-info/SOURCES.txt'
writing manifest file '../../build/baldybot_CS/baldybot_CS.egg-info/SOURCES.txt'
running build
running install
running install_data
creating /home/itti_jammy/RoverBaldies_ws/install/baldybot_CS/share/ament_index
creating /home/itti_jammy/RoverBaldies_ws/install/baldybot_CS/share/ament_index/resource_index
creating /home/itti_jammy/RoverBaldies_ws/install/baldybot_CS/share/ament_index/resource_index/packages
copying resource/baldybot_CS -> /home/itti_jammy/RoverBaldies_ws/install/baldybot_CS/share/ament_index/resource_index/packages
copying package.xml -> /home/itti_jammy/RoverBaldies_ws/install/baldybot_CS/share/baldybot_CS
running install_egg_info
Copying ../../build/baldybot_CS/baldybot_CS.egg-info to /home/itti_jammy/RoverBaldies_ws/install/baldybot_CS/lib/python3.10/site-packages/baldybot_CS-0.0.0-py3.10.egg-info
running install_scripts
writing list of installed files to '/home/itti_jammy/RoverBaldies_ws/build/baldybot_CS/install.log'
