[1.039s] Invoking command in '/home/itti_jammy/RoverBaldies_ws/src/baldybot_CS': PYTHONPATH=/home/itti_jammy/RoverBaldies_ws/build/baldybot_CS/prefix_override:/usr/lib/python3/dist-packages/colcon_core/task/python/colcon_distutils_commands:/home/itti_jammy/RoverBaldies_ws/install/baldybot_CS/lib/python3.10/site-packages:${PYTHONPATH} /usr/bin/python3 -W ignore:setup.py install is deprecated -W ignore:easy_install command is deprecated setup.py egg_info --egg-base ../../build/baldybot_CS build --build-base /home/itti_jammy/RoverBaldies_ws/build/baldybot_CS/build install --record /home/itti_jammy/RoverBaldies_ws/build/baldybot_CS/install.log --single-version-externally-managed install_data
[1.350s] running egg_info
[1.351s] creating ../../build/baldybot_CS/baldybot_CS.egg-info
[1.351s] writing ../../build/baldybot_CS/baldybot_CS.egg-info/PKG-INFO
[1.351s] writing dependency_links to ../../build/baldybot_CS/baldybot_CS.egg-info/dependency_links.txt
[1.352s] writing entry points to ../../build/baldybot_CS/baldybot_CS.egg-info/entry_points.txt
[1.352s] writing requirements to ../../build/baldybot_CS/baldybot_CS.egg-info/requires.txt
[1.352s] writing top-level names to ../../build/baldybot_CS/baldybot_CS.egg-info/top_level.txt
[1.352s] writing manifest file '../../build/baldybot_CS/baldybot_CS.egg-info/SOURCES.txt'
[1.353s] reading manifest file '../../build/baldybot_CS/baldybot_CS.egg-info/SOURCES.txt'
[1.354s] writing manifest file '../../build/baldybot_CS/baldybot_CS.egg-info/SOURCES.txt'
[1.354s] running build
[1.354s] running install
[1.355s] running install_data
[1.355s] creating /home/itti_jammy/RoverBaldies_ws/install/baldybot_CS/share/ament_index
[1.355s] creating /home/itti_jammy/RoverBaldies_ws/install/baldybot_CS/share/ament_index/resource_index
[1.355s] creating /home/itti_jammy/RoverBaldies_ws/install/baldybot_CS/share/ament_index/resource_index/packages
[1.355s] copying resource/baldybot_CS -> /home/itti_jammy/RoverBaldies_ws/install/baldybot_CS/share/ament_index/resource_index/packages
[1.355s] copying package.xml -> /home/itti_jammy/RoverBaldies_ws/install/baldybot_CS/share/baldybot_CS
[1.356s] running install_egg_info
[1.358s] Copying ../../build/baldybot_CS/baldybot_CS.egg-info to /home/itti_jammy/RoverBaldies_ws/install/baldybot_CS/lib/python3.10/site-packages/baldybot_CS-0.0.0-py3.10.egg-info
[1.359s] running install_scripts
[1.385s] writing list of installed files to '/home/itti_jammy/RoverBaldies_ws/build/baldybot_CS/install.log'
[1.421s] Invoked command in '/home/itti_jammy/RoverBaldies_ws/src/baldybot_CS' returned '0': PYTHONPATH=/home/itti_jammy/RoverBaldies_ws/build/baldybot_CS/prefix_override:/usr/lib/python3/dist-packages/colcon_core/task/python/colcon_distutils_commands:/home/itti_jammy/RoverBaldies_ws/install/baldybot_CS/lib/python3.10/site-packages:${PYTHONPATH} /usr/bin/python3 -W ignore:setup.py install is deprecated -W ignore:easy_install command is deprecated setup.py egg_info --egg-base ../../build/baldybot_CS build --build-base /home/itti_jammy/RoverBaldies_ws/build/baldybot_CS/build install --record /home/itti_jammy/RoverBaldies_ws/build/baldybot_CS/install.log --single-version-externally-managed install_data
