[0.021s] Invoking command in '/home/itti_jammy/RoverBaldies_ws/build/baldybot_description': CMAKE_PREFIX_PATH=${CMAKE_PREFIX_PATH}:/home/itti_jammy/ros2_ws_jammy/install/my_py_pkg:/opt/ros/humble /usr/bin/cmake /home/itti_jammy/RoverBaldies_ws/src/baldybot_description -DAMENT_CMAKE_SYMLINK_INSTALL=1 -DCMAKE_INSTALL_PREFIX=/home/itti_jammy/RoverBaldies_ws/install/baldybot_description
[0.043s] -- Found ament_cmake: 1.3.11 (/opt/ros/humble/share/ament_cmake/cmake)
[0.231s] -- Override CMake install command with custom implementation using symlinks instead of copying resources
[0.370s] -- Configuring done
[0.378s] -- Generating done
[0.383s] -- Build files have been written to: /home/itti_jammy/RoverBaldies_ws/build/baldybot_description
[0.391s] Invoked command in '/home/itti_jammy/RoverBaldies_ws/build/baldybot_description' returned '0': CMAKE_PREFIX_PATH=${CMAKE_PREFIX_PATH}:/home/itti_jammy/ros2_ws_jammy/install/my_py_pkg:/opt/ros/humble /usr/bin/cmake /home/itti_jammy/RoverBaldies_ws/src/baldybot_description -DAMENT_CMAKE_SYMLINK_INSTALL=1 -DCMAKE_INSTALL_PREFIX=/home/itti_jammy/RoverBaldies_ws/install/baldybot_description
[0.396s] Invoking command in '/home/itti_jammy/RoverBaldies_ws/build/baldybot_description': CMAKE_PREFIX_PATH=${CMAKE_PREFIX_PATH}:/home/itti_jammy/ros2_ws_jammy/install/my_py_pkg:/opt/ros/humble /usr/bin/cmake --build /home/itti_jammy/RoverBaldies_ws/build/baldybot_description -- -j16 -l16
[0.480s] Invoked command in '/home/itti_jammy/RoverBaldies_ws/build/baldybot_description' returned '0': CMAKE_PREFIX_PATH=${CMAKE_PREFIX_PATH}:/home/itti_jammy/ros2_ws_jammy/install/my_py_pkg:/opt/ros/humble /usr/bin/cmake --build /home/itti_jammy/RoverBaldies_ws/build/baldybot_description -- -j16 -l16
[0.500s] Invoking command in '/home/itti_jammy/RoverBaldies_ws/build/baldybot_description': CMAKE_PREFIX_PATH=${CMAKE_PREFIX_PATH}:/home/itti_jammy/ros2_ws_jammy/install/my_py_pkg:/opt/ros/humble /usr/bin/cmake --install /home/itti_jammy/RoverBaldies_ws/build/baldybot_description
[0.517s] -- Install configuration: ""
[0.518s] -- Execute custom install script
[0.518s] -- Symlinking: /home/itti_jammy/RoverBaldies_ws/install/baldybot_description/share/baldybot_description//urdf/baldybot.urdf.xacro
[0.536s] -- Symlinking: /home/itti_jammy/RoverBaldies_ws/install/baldybot_description/share/baldybot_description//urdf/camera.xacro
[0.558s] -- Symlinking: /home/itti_jammy/RoverBaldies_ws/install/baldybot_description/share/baldybot_description//urdf/common_properties.xacro
[0.575s] -- Symlinking: /home/itti_jammy/RoverBaldies_ws/install/baldybot_description/share/baldybot_description//urdf/mobile_base.xacro
[0.593s] -- Symlinking: /home/itti_jammy/RoverBaldies_ws/install/baldybot_description/share/baldybot_description//urdf/mobile_base_gazebo.xacro
[0.612s] -- Symlinking: /home/itti_jammy/RoverBaldies_ws/install/baldybot_description/share/baldybot_description//launch/display.launch.xml
[0.631s] -- Symlinking: /home/itti_jammy/RoverBaldies_ws/install/baldybot_description/share/baldybot_description//rviz/urdf_config.rviz
[0.650s] -- Symlinking: /home/itti_jammy/RoverBaldies_ws/install/baldybot_description/share/ament_index/resource_index/package_run_dependencies/baldybot_description
[0.669s] -- Symlinking: /home/itti_jammy/RoverBaldies_ws/install/baldybot_description/share/ament_index/resource_index/parent_prefix_path/baldybot_description
[0.692s] -- Symlinking: /home/itti_jammy/RoverBaldies_ws/install/baldybot_description/share/baldybot_description/environment/ament_prefix_path.sh
[0.710s] -- Symlinking: /home/itti_jammy/RoverBaldies_ws/install/baldybot_description/share/baldybot_description/environment/ament_prefix_path.dsv
[0.734s] -- Symlinking: /home/itti_jammy/RoverBaldies_ws/install/baldybot_description/share/baldybot_description/environment/path.sh
[0.752s] -- Symlinking: /home/itti_jammy/RoverBaldies_ws/install/baldybot_description/share/baldybot_description/environment/path.dsv
[0.771s] -- Symlinking: /home/itti_jammy/RoverBaldies_ws/install/baldybot_description/share/baldybot_description/local_setup.bash
[0.789s] -- Symlinking: /home/itti_jammy/RoverBaldies_ws/install/baldybot_description/share/baldybot_description/local_setup.sh
[0.807s] -- Symlinking: /home/itti_jammy/RoverBaldies_ws/install/baldybot_description/share/baldybot_description/local_setup.zsh
[0.831s] -- Symlinking: /home/itti_jammy/RoverBaldies_ws/install/baldybot_description/share/baldybot_description/local_setup.dsv
[0.855s] -- Symlinking: /home/itti_jammy/RoverBaldies_ws/install/baldybot_description/share/baldybot_description/package.dsv
[0.873s] -- Symlinking: /home/itti_jammy/RoverBaldies_ws/install/baldybot_description/share/ament_index/resource_index/packages/baldybot_description
[0.892s] -- Symlinking: /home/itti_jammy/RoverBaldies_ws/install/baldybot_description/share/baldybot_description/cmake/baldybot_descriptionConfig.cmake
[0.910s] -- Symlinking: /home/itti_jammy/RoverBaldies_ws/install/baldybot_description/share/baldybot_description/cmake/baldybot_descriptionConfig-version.cmake
[0.931s] -- Symlinking: /home/itti_jammy/RoverBaldies_ws/install/baldybot_description/share/baldybot_description/package.xml
[0.963s] Invoked command in '/home/itti_jammy/RoverBaldies_ws/build/baldybot_description' returned '0': CMAKE_PREFIX_PATH=${CMAKE_PREFIX_PATH}:/home/itti_jammy/ros2_ws_jammy/install/my_py_pkg:/opt/ros/humble /usr/bin/cmake --install /home/itti_jammy/RoverBaldies_ws/build/baldybot_description
