[0.142s] DEBUG:colcon:Command line arguments: ['/usr/bin/colcon', 'build']
[0.142s] DEBUG:colcon:Parsed command line arguments: Namespace(log_base=None, log_level=None, verb_name='build', build_base='build', install_base='install', merge_install=False, symlink_install=False, test_result_base=None, continue_on_error=False, executor='parallel', parallel_workers=16, event_handlers=None, ignore_user_meta=False, metas=['./colcon.meta'], base_paths=['.'], packages_ignore=None, packages_ignore_regex=None, paths=None, packages_up_to=None, packages_up_to_regex=None, packages_above=None, packages_above_and_dependencies=None, packages_above_depth=None, packages_select_by_dep=None, packages_skip_by_dep=None, packages_skip_up_to=None, packages_select_build_failed=False, packages_skip_build_finished=False, packages_select_test_failures=False, packages_skip_test_passed=False, packages_select=None, packages_skip=None, packages_select_regex=None, packages_skip_regex=None, packages_start=None, packages_end=None, allow_overriding=[], cmake_args=None, cmake_target=None, cmake_target_skip_unavailable=False, cmake_clean_cache=False, cmake_clean_first=False, cmake_force_configure=False, ament_cmake_args=None, catkin_cmake_args=None, catkin_skip_building_tests=False, verb_parser=<colcon_defaults.argument_parser.defaults.DefaultArgumentsDecorator object at 0x785a7821bc70>, verb_extension=<colcon_core.verb.build.BuildVerb object at 0x785a783610c0>, main=<bound method BuildVerb.main of <colcon_core.verb.build.BuildVerb object at 0x785a783610c0>>)
[0.364s] Level 1:colcon.colcon_core.package_discovery:discover_packages(colcon_meta) check parameters
[0.365s] Level 1:colcon.colcon_core.package_discovery:discover_packages(recursive) check parameters
[0.365s] Level 1:colcon.colcon_core.package_discovery:discover_packages(ignore) check parameters
[0.365s] Level 1:colcon.colcon_core.package_discovery:discover_packages(path) check parameters
[0.365s] Level 1:colcon.colcon_core.package_discovery:discover_packages(colcon_meta) discover
[0.365s] Level 1:colcon.colcon_core.package_discovery:discover_packages(recursive) discover
[0.365s] INFO:colcon.colcon_core.package_discovery:Crawling recursively for packages in '/home/itti_jammy/RoverBaldies_ws'
[0.365s] Level 1:colcon.colcon_core.package_identification:_identify(.) by extensions ['ignore', 'ignore_ament_install']
[0.365s] Level 1:colcon.colcon_core.package_identification:_identify(.) by extension 'ignore'
[0.365s] Level 1:colcon.colcon_core.package_identification:_identify(.) by extension 'ignore_ament_install'
[0.365s] Level 1:colcon.colcon_core.package_identification:_identify(.) by extensions ['colcon_pkg']
[0.365s] Level 1:colcon.colcon_core.package_identification:_identify(.) by extension 'colcon_pkg'
[0.365s] Level 1:colcon.colcon_core.package_identification:_identify(.) by extensions ['colcon_meta']
[0.365s] Level 1:colcon.colcon_core.package_identification:_identify(.) by extension 'colcon_meta'
[0.365s] Level 1:colcon.colcon_core.package_identification:_identify(.) by extensions ['ros']
[0.365s] Level 1:colcon.colcon_core.package_identification:_identify(.) by extension 'ros'
[0.381s] Level 1:colcon.colcon_core.package_identification:_identify(.) by extensions ['cmake', 'python']
[0.381s] Level 1:colcon.colcon_core.package_identification:_identify(.) by extension 'cmake'
[0.381s] Level 1:colcon.colcon_core.package_identification:_identify(.) by extension 'python'
[0.381s] Level 1:colcon.colcon_core.package_identification:_identify(.) by extensions ['python_setup_py']
[0.381s] Level 1:colcon.colcon_core.package_identification:_identify(.) by extension 'python_setup_py'
[0.381s] Level 1:colcon.colcon_core.package_identification:_identify(build) by extensions ['ignore', 'ignore_ament_install']
[0.381s] Level 1:colcon.colcon_core.package_identification:_identify(build) by extension 'ignore'
[0.382s] Level 1:colcon.colcon_core.package_identification:_identify(build) ignored
[0.382s] Level 1:colcon.colcon_core.package_identification:_identify(install) by extensions ['ignore', 'ignore_ament_install']
[0.382s] Level 1:colcon.colcon_core.package_identification:_identify(install) by extension 'ignore'
[0.382s] Level 1:colcon.colcon_core.package_identification:_identify(install) ignored
[0.382s] Level 1:colcon.colcon_core.package_identification:_identify(log) by extensions ['ignore', 'ignore_ament_install']
[0.382s] Level 1:colcon.colcon_core.package_identification:_identify(log) by extension 'ignore'
[0.382s] Level 1:colcon.colcon_core.package_identification:_identify(log) ignored
[0.382s] Level 1:colcon.colcon_core.package_identification:_identify(src) by extensions ['ignore', 'ignore_ament_install']
[0.382s] Level 1:colcon.colcon_core.package_identification:_identify(src) by extension 'ignore'
[0.382s] Level 1:colcon.colcon_core.package_identification:_identify(src) by extension 'ignore_ament_install'
[0.383s] Level 1:colcon.colcon_core.package_identification:_identify(src) by extensions ['colcon_pkg']
[0.383s] Level 1:colcon.colcon_core.package_identification:_identify(src) by extension 'colcon_pkg'
[0.383s] Level 1:colcon.colcon_core.package_identification:_identify(src) by extensions ['colcon_meta']
[0.383s] Level 1:colcon.colcon_core.package_identification:_identify(src) by extension 'colcon_meta'
[0.383s] Level 1:colcon.colcon_core.package_identification:_identify(src) by extensions ['ros']
[0.383s] Level 1:colcon.colcon_core.package_identification:_identify(src) by extension 'ros'
[0.383s] Level 1:colcon.colcon_core.package_identification:_identify(src) by extensions ['cmake', 'python']
[0.383s] Level 1:colcon.colcon_core.package_identification:_identify(src) by extension 'cmake'
[0.383s] Level 1:colcon.colcon_core.package_identification:_identify(src) by extension 'python'
[0.383s] Level 1:colcon.colcon_core.package_identification:_identify(src) by extensions ['python_setup_py']
[0.383s] Level 1:colcon.colcon_core.package_identification:_identify(src) by extension 'python_setup_py'
[0.383s] Level 1:colcon.colcon_core.package_identification:_identify(src/baldybot_bringup) by extensions ['ignore', 'ignore_ament_install']
[0.383s] Level 1:colcon.colcon_core.package_identification:_identify(src/baldybot_bringup) by extension 'ignore'
[0.383s] Level 1:colcon.colcon_core.package_identification:_identify(src/baldybot_bringup) by extension 'ignore_ament_install'
[0.383s] Level 1:colcon.colcon_core.package_identification:_identify(src/baldybot_bringup) by extensions ['colcon_pkg']
[0.383s] Level 1:colcon.colcon_core.package_identification:_identify(src/baldybot_bringup) by extension 'colcon_pkg'
[0.384s] Level 1:colcon.colcon_core.package_identification:_identify(src/baldybot_bringup) by extensions ['colcon_meta']
[0.384s] Level 1:colcon.colcon_core.package_identification:_identify(src/baldybot_bringup) by extension 'colcon_meta'
[0.384s] Level 1:colcon.colcon_core.package_identification:_identify(src/baldybot_bringup) by extensions ['ros']
[0.384s] Level 1:colcon.colcon_core.package_identification:_identify(src/baldybot_bringup) by extension 'ros'
[0.387s] DEBUG:colcon.colcon_core.package_identification:Package 'src/baldybot_bringup' with type 'ros.ament_cmake' and name 'baldybot_bringup'
[0.388s] Level 1:colcon.colcon_core.package_identification:_identify(src/baldybot_description) by extensions ['ignore', 'ignore_ament_install']
[0.388s] Level 1:colcon.colcon_core.package_identification:_identify(src/baldybot_description) by extension 'ignore'
[0.388s] Level 1:colcon.colcon_core.package_identification:_identify(src/baldybot_description) by extension 'ignore_ament_install'
[0.388s] Level 1:colcon.colcon_core.package_identification:_identify(src/baldybot_description) by extensions ['colcon_pkg']
[0.388s] Level 1:colcon.colcon_core.package_identification:_identify(src/baldybot_description) by extension 'colcon_pkg'
[0.388s] Level 1:colcon.colcon_core.package_identification:_identify(src/baldybot_description) by extensions ['colcon_meta']
[0.388s] Level 1:colcon.colcon_core.package_identification:_identify(src/baldybot_description) by extension 'colcon_meta'
[0.388s] Level 1:colcon.colcon_core.package_identification:_identify(src/baldybot_description) by extensions ['ros']
[0.388s] Level 1:colcon.colcon_core.package_identification:_identify(src/baldybot_description) by extension 'ros'
[0.389s] DEBUG:colcon.colcon_core.package_identification:Package 'src/baldybot_description' with type 'ros.ament_cmake' and name 'baldybot_description'
[0.389s] Level 1:colcon.colcon_core.package_discovery:discover_packages(recursive) using defaults
[0.389s] Level 1:colcon.colcon_core.package_discovery:discover_packages(ignore) discover
[0.389s] Level 1:colcon.colcon_core.package_discovery:discover_packages(ignore) using defaults
[0.389s] Level 1:colcon.colcon_core.package_discovery:discover_packages(path) discover
[0.389s] Level 1:colcon.colcon_core.package_discovery:discover_packages(path) using defaults
[0.419s] Level 1:colcon.colcon_core.package_discovery:discover_packages(prefix_path) check parameters
[0.419s] Level 1:colcon.colcon_core.package_discovery:discover_packages(prefix_path) discover
[0.449s] DEBUG:colcon.colcon_installed_package_information.package_discovery:Found 2 installed packages in /home/itti_jammy/RoverBaldies_ws/install
[0.450s] DEBUG:colcon.colcon_installed_package_information.package_discovery:Found 4 installed packages in /home/itti_jammy/ros2_ws_jammy/install
[0.452s] DEBUG:colcon.colcon_installed_package_information.package_discovery:Found 401 installed packages in /opt/ros/humble
[0.455s] Level 1:colcon.colcon_core.package_discovery:discover_packages(prefix_path) using defaults
[0.520s] Level 5:colcon.colcon_core.verb:set package 'baldybot_bringup' build argument 'cmake_args' from command line to 'None'
[0.520s] Level 5:colcon.colcon_core.verb:set package 'baldybot_bringup' build argument 'cmake_target' from command line to 'None'
[0.520s] Level 5:colcon.colcon_core.verb:set package 'baldybot_bringup' build argument 'cmake_target_skip_unavailable' from command line to 'False'
[0.520s] Level 5:colcon.colcon_core.verb:set package 'baldybot_bringup' build argument 'cmake_clean_cache' from command line to 'False'
[0.520s] Level 5:colcon.colcon_core.verb:set package 'baldybot_bringup' build argument 'cmake_clean_first' from command line to 'False'
[0.520s] Level 5:colcon.colcon_core.verb:set package 'baldybot_bringup' build argument 'cmake_force_configure' from command line to 'False'
[0.521s] Level 5:colcon.colcon_core.verb:set package 'baldybot_bringup' build argument 'ament_cmake_args' from command line to 'None'
[0.521s] Level 5:colcon.colcon_core.verb:set package 'baldybot_bringup' build argument 'catkin_cmake_args' from command line to 'None'
[0.521s] Level 5:colcon.colcon_core.verb:set package 'baldybot_bringup' build argument 'catkin_skip_building_tests' from command line to 'False'
[0.521s] DEBUG:colcon.colcon_core.verb:Building package 'baldybot_bringup' with the following arguments: {'ament_cmake_args': None, 'build_base': '/home/itti_jammy/RoverBaldies_ws/build/baldybot_bringup', 'catkin_cmake_args': None, 'catkin_skip_building_tests': False, 'cmake_args': None, 'cmake_clean_cache': False, 'cmake_clean_first': False, 'cmake_force_configure': False, 'cmake_target': None, 'cmake_target_skip_unavailable': False, 'install_base': '/home/itti_jammy/RoverBaldies_ws/install/baldybot_bringup', 'merge_install': False, 'path': '/home/itti_jammy/RoverBaldies_ws/src/baldybot_bringup', 'symlink_install': False, 'test_result_base': None}
[0.521s] Level 5:colcon.colcon_core.verb:set package 'baldybot_description' build argument 'cmake_args' from command line to 'None'
[0.521s] Level 5:colcon.colcon_core.verb:set package 'baldybot_description' build argument 'cmake_target' from command line to 'None'
[0.521s] Level 5:colcon.colcon_core.verb:set package 'baldybot_description' build argument 'cmake_target_skip_unavailable' from command line to 'False'
[0.521s] Level 5:colcon.colcon_core.verb:set package 'baldybot_description' build argument 'cmake_clean_cache' from command line to 'False'
[0.521s] Level 5:colcon.colcon_core.verb:set package 'baldybot_description' build argument 'cmake_clean_first' from command line to 'False'
[0.521s] Level 5:colcon.colcon_core.verb:set package 'baldybot_description' build argument 'cmake_force_configure' from command line to 'False'
[0.521s] Level 5:colcon.colcon_core.verb:set package 'baldybot_description' build argument 'ament_cmake_args' from command line to 'None'
[0.521s] Level 5:colcon.colcon_core.verb:set package 'baldybot_description' build argument 'catkin_cmake_args' from command line to 'None'
[0.521s] Level 5:colcon.colcon_core.verb:set package 'baldybot_description' build argument 'catkin_skip_building_tests' from command line to 'False'
[0.521s] DEBUG:colcon.colcon_core.verb:Building package 'baldybot_description' with the following arguments: {'ament_cmake_args': None, 'build_base': '/home/itti_jammy/RoverBaldies_ws/build/baldybot_description', 'catkin_cmake_args': None, 'catkin_skip_building_tests': False, 'cmake_args': None, 'cmake_clean_cache': False, 'cmake_clean_first': False, 'cmake_force_configure': False, 'cmake_target': None, 'cmake_target_skip_unavailable': False, 'install_base': '/home/itti_jammy/RoverBaldies_ws/install/baldybot_description', 'merge_install': False, 'path': '/home/itti_jammy/RoverBaldies_ws/src/baldybot_description', 'symlink_install': False, 'test_result_base': None}
[0.522s] INFO:colcon.colcon_core.executor:Executing jobs using 'parallel' executor
[0.523s] DEBUG:colcon.colcon_parallel_executor.executor.parallel:run_until_complete
[0.524s] INFO:colcon.colcon_ros.task.ament_cmake.build:Building ROS package in '/home/itti_jammy/RoverBaldies_ws/src/baldybot_bringup' with build type 'ament_cmake'
[0.524s] INFO:colcon.colcon_cmake.task.cmake.build:Building CMake package in '/home/itti_jammy/RoverBaldies_ws/src/baldybot_bringup'
[0.527s] INFO:colcon.colcon_core.plugin_system:Skipping extension 'colcon_core.shell.bat': Not used on non-Windows systems
[0.527s] INFO:colcon.colcon_core.shell:Skip shell extension 'powershell' for command environment: Not usable outside of PowerShell
[0.527s] DEBUG:colcon.colcon_core.shell:Skip shell extension 'dsv' for command environment
[0.534s] INFO:colcon.colcon_ros.task.ament_cmake.build:Building ROS package in '/home/itti_jammy/RoverBaldies_ws/src/baldybot_description' with build type 'ament_cmake'
[0.534s] INFO:colcon.colcon_cmake.task.cmake.build:Building CMake package in '/home/itti_jammy/RoverBaldies_ws/src/baldybot_description'
[0.535s] INFO:colcon.colcon_core.shell:Skip shell extension 'powershell' for command environment: Not usable outside of PowerShell
[0.535s] DEBUG:colcon.colcon_core.shell:Skip shell extension 'dsv' for command environment
[0.552s] DEBUG:colcon.colcon_core.event_handler.log_command:Invoking command in '/home/itti_jammy/RoverBaldies_ws/build/baldybot_bringup': CMAKE_PREFIX_PATH=${CMAKE_PREFIX_PATH}:/home/itti_jammy/ros2_ws_jammy/install/my_py_pkg:/opt/ros/humble /usr/bin/cmake --build /home/itti_jammy/RoverBaldies_ws/build/baldybot_bringup -- -j16 -l16
[0.558s] DEBUG:colcon.colcon_core.event_handler.log_command:Invoking command in '/home/itti_jammy/RoverBaldies_ws/build/baldybot_description': CMAKE_PREFIX_PATH=${CMAKE_PREFIX_PATH}:/home/itti_jammy/ros2_ws_jammy/install/my_py_pkg:/opt/ros/humble /usr/bin/cmake --build /home/itti_jammy/RoverBaldies_ws/build/baldybot_description -- -j16 -l16
[0.636s] DEBUG:colcon.colcon_core.event_handler.log_command:Invoked command in '/home/itti_jammy/RoverBaldies_ws/build/baldybot_description' returned '0': CMAKE_PREFIX_PATH=${CMAKE_PREFIX_PATH}:/home/itti_jammy/ros2_ws_jammy/install/my_py_pkg:/opt/ros/humble /usr/bin/cmake --build /home/itti_jammy/RoverBaldies_ws/build/baldybot_description -- -j16 -l16
[0.656s] DEBUG:colcon.colcon_core.event_handler.log_command:Invoking command in '/home/itti_jammy/RoverBaldies_ws/build/baldybot_description': CMAKE_PREFIX_PATH=${CMAKE_PREFIX_PATH}:/home/itti_jammy/ros2_ws_jammy/install/my_py_pkg:/opt/ros/humble /usr/bin/cmake --install /home/itti_jammy/RoverBaldies_ws/build/baldybot_description
[0.657s] DEBUG:colcon.colcon_core.event_handler.log_command:Invoked command in '/home/itti_jammy/RoverBaldies_ws/build/baldybot_bringup' returned '0': CMAKE_PREFIX_PATH=${CMAKE_PREFIX_PATH}:/home/itti_jammy/ros2_ws_jammy/install/my_py_pkg:/opt/ros/humble /usr/bin/cmake --build /home/itti_jammy/RoverBaldies_ws/build/baldybot_bringup -- -j16 -l16
[0.661s] DEBUG:colcon.colcon_core.event_handler.log_command:Invoking command in '/home/itti_jammy/RoverBaldies_ws/build/baldybot_bringup': CMAKE_PREFIX_PATH=${CMAKE_PREFIX_PATH}:/home/itti_jammy/ros2_ws_jammy/install/my_py_pkg:/opt/ros/humble /usr/bin/cmake --install /home/itti_jammy/RoverBaldies_ws/build/baldybot_bringup
[0.677s] Level 1:colcon.colcon_core.environment:create_environment_scripts_only(baldybot_description)
[0.679s] DEBUG:colcon.colcon_core.event_handler.log_command:Invoked command in '/home/itti_jammy/RoverBaldies_ws/build/baldybot_description' returned '0': CMAKE_PREFIX_PATH=${CMAKE_PREFIX_PATH}:/home/itti_jammy/ros2_ws_jammy/install/my_py_pkg:/opt/ros/humble /usr/bin/cmake --install /home/itti_jammy/RoverBaldies_ws/build/baldybot_description
[0.686s] Level 1:colcon.colcon_core.environment:checking '/home/itti_jammy/RoverBaldies_ws/install/baldybot_description' for CMake module files
[0.686s] Level 1:colcon.colcon_core.environment:checking '/home/itti_jammy/RoverBaldies_ws/install/baldybot_description' for CMake config files
[0.686s] Level 1:colcon.colcon_core.shell:create_environment_hook('baldybot_description', 'cmake_prefix_path')
[0.687s] INFO:colcon.colcon_core.shell:Creating environment hook '/home/itti_jammy/RoverBaldies_ws/install/baldybot_description/share/baldybot_description/hook/cmake_prefix_path.ps1'
[0.688s] INFO:colcon.colcon_core.shell:Creating environment descriptor '/home/itti_jammy/RoverBaldies_ws/install/baldybot_description/share/baldybot_description/hook/cmake_prefix_path.dsv'
[0.688s] INFO:colcon.colcon_core.shell:Creating environment hook '/home/itti_jammy/RoverBaldies_ws/install/baldybot_description/share/baldybot_description/hook/cmake_prefix_path.sh'
[0.690s] Level 1:colcon.colcon_core.environment:checking '/home/itti_jammy/RoverBaldies_ws/install/baldybot_description/bin'
[0.690s] Level 1:colcon.colcon_core.environment:checking '/home/itti_jammy/RoverBaldies_ws/install/baldybot_description/lib/pkgconfig/baldybot_description.pc'
[0.690s] Level 1:colcon.colcon_core.environment:checking '/home/itti_jammy/RoverBaldies_ws/install/baldybot_description/lib/python3.10/site-packages'
[0.690s] Level 1:colcon.colcon_core.environment:checking '/home/itti_jammy/RoverBaldies_ws/install/baldybot_description/bin'
[0.691s] INFO:colcon.colcon_core.shell:Creating package script '/home/itti_jammy/RoverBaldies_ws/install/baldybot_description/share/baldybot_description/package.ps1'
[0.692s] INFO:colcon.colcon_core.shell:Creating package descriptor '/home/itti_jammy/RoverBaldies_ws/install/baldybot_description/share/baldybot_description/package.dsv'
[0.693s] INFO:colcon.colcon_core.shell:Creating package script '/home/itti_jammy/RoverBaldies_ws/install/baldybot_description/share/baldybot_description/package.sh'
[0.694s] INFO:colcon.colcon_core.shell:Creating package script '/home/itti_jammy/RoverBaldies_ws/install/baldybot_description/share/baldybot_description/package.bash'
[0.695s] INFO:colcon.colcon_core.shell:Creating package script '/home/itti_jammy/RoverBaldies_ws/install/baldybot_description/share/baldybot_description/package.zsh'
[0.696s] Level 1:colcon.colcon_core.environment:create_file_with_runtime_dependencies(/home/itti_jammy/RoverBaldies_ws/install/baldybot_description/share/colcon-core/packages/baldybot_description)
[0.697s] Level 1:colcon.colcon_core.environment:create_environment_scripts_only(baldybot_description)
[0.698s] Level 1:colcon.colcon_core.environment:checking '/home/itti_jammy/RoverBaldies_ws/install/baldybot_description' for CMake module files
[0.698s] Level 1:colcon.colcon_core.environment:checking '/home/itti_jammy/RoverBaldies_ws/install/baldybot_description' for CMake config files
[0.698s] Level 1:colcon.colcon_core.shell:create_environment_hook('baldybot_description', 'cmake_prefix_path')
[0.699s] INFO:colcon.colcon_core.shell:Creating environment hook '/home/itti_jammy/RoverBaldies_ws/install/baldybot_description/share/baldybot_description/hook/cmake_prefix_path.ps1'
[0.699s] INFO:colcon.colcon_core.shell:Creating environment descriptor '/home/itti_jammy/RoverBaldies_ws/install/baldybot_description/share/baldybot_description/hook/cmake_prefix_path.dsv'
[0.700s] INFO:colcon.colcon_core.shell:Creating environment hook '/home/itti_jammy/RoverBaldies_ws/install/baldybot_description/share/baldybot_description/hook/cmake_prefix_path.sh'
[0.701s] Level 1:colcon.colcon_core.environment:checking '/home/itti_jammy/RoverBaldies_ws/install/baldybot_description/bin'
[0.701s] Level 1:colcon.colcon_core.environment:checking '/home/itti_jammy/RoverBaldies_ws/install/baldybot_description/lib/pkgconfig/baldybot_description.pc'
[0.701s] Level 1:colcon.colcon_core.environment:checking '/home/itti_jammy/RoverBaldies_ws/install/baldybot_description/lib/python3.10/site-packages'
[0.702s] Level 1:colcon.colcon_core.environment:checking '/home/itti_jammy/RoverBaldies_ws/install/baldybot_description/bin'
[0.702s] INFO:colcon.colcon_core.shell:Creating package script '/home/itti_jammy/RoverBaldies_ws/install/baldybot_description/share/baldybot_description/package.ps1'
[0.703s] INFO:colcon.colcon_core.shell:Creating package descriptor '/home/itti_jammy/RoverBaldies_ws/install/baldybot_description/share/baldybot_description/package.dsv'
[0.703s] INFO:colcon.colcon_core.shell:Creating package script '/home/itti_jammy/RoverBaldies_ws/install/baldybot_description/share/baldybot_description/package.sh'
[0.704s] INFO:colcon.colcon_core.shell:Creating package script '/home/itti_jammy/RoverBaldies_ws/install/baldybot_description/share/baldybot_description/package.bash'
[0.705s] INFO:colcon.colcon_core.shell:Creating package script '/home/itti_jammy/RoverBaldies_ws/install/baldybot_description/share/baldybot_description/package.zsh'
[0.705s] Level 1:colcon.colcon_core.environment:create_file_with_runtime_dependencies(/home/itti_jammy/RoverBaldies_ws/install/baldybot_description/share/colcon-core/packages/baldybot_description)
[0.707s] Level 1:colcon.colcon_core.environment:create_environment_scripts_only(baldybot_bringup)
[0.707s] Level 1:colcon.colcon_core.environment:checking '/home/itti_jammy/RoverBaldies_ws/install/baldybot_bringup' for CMake module files
[0.709s] DEBUG:colcon.colcon_core.event_handler.log_command:Invoked command in '/home/itti_jammy/RoverBaldies_ws/build/baldybot_bringup' returned '0': CMAKE_PREFIX_PATH=${CMAKE_PREFIX_PATH}:/home/itti_jammy/ros2_ws_jammy/install/my_py_pkg:/opt/ros/humble /usr/bin/cmake --install /home/itti_jammy/RoverBaldies_ws/build/baldybot_bringup
[0.709s] Level 1:colcon.colcon_core.environment:checking '/home/itti_jammy/RoverBaldies_ws/install/baldybot_bringup' for CMake config files
[0.709s] Level 1:colcon.colcon_core.shell:create_environment_hook('baldybot_bringup', 'cmake_prefix_path')
[0.710s] INFO:colcon.colcon_core.shell:Creating environment hook '/home/itti_jammy/RoverBaldies_ws/install/baldybot_bringup/share/baldybot_bringup/hook/cmake_prefix_path.ps1'
[0.710s] INFO:colcon.colcon_core.shell:Creating environment descriptor '/home/itti_jammy/RoverBaldies_ws/install/baldybot_bringup/share/baldybot_bringup/hook/cmake_prefix_path.dsv'
[0.711s] INFO:colcon.colcon_core.shell:Creating environment hook '/home/itti_jammy/RoverBaldies_ws/install/baldybot_bringup/share/baldybot_bringup/hook/cmake_prefix_path.sh'
[0.712s] Level 1:colcon.colcon_core.environment:checking '/home/itti_jammy/RoverBaldies_ws/install/baldybot_bringup/bin'
[0.712s] Level 1:colcon.colcon_core.environment:checking '/home/itti_jammy/RoverBaldies_ws/install/baldybot_bringup/lib/pkgconfig/baldybot_bringup.pc'
[0.712s] Level 1:colcon.colcon_core.environment:checking '/home/itti_jammy/RoverBaldies_ws/install/baldybot_bringup/lib/python3.10/site-packages'
[0.712s] Level 1:colcon.colcon_core.environment:checking '/home/itti_jammy/RoverBaldies_ws/install/baldybot_bringup/bin'
[0.713s] INFO:colcon.colcon_core.shell:Creating package script '/home/itti_jammy/RoverBaldies_ws/install/baldybot_bringup/share/baldybot_bringup/package.ps1'
[0.713s] INFO:colcon.colcon_core.shell:Creating package descriptor '/home/itti_jammy/RoverBaldies_ws/install/baldybot_bringup/share/baldybot_bringup/package.dsv'
[0.714s] INFO:colcon.colcon_core.shell:Creating package script '/home/itti_jammy/RoverBaldies_ws/install/baldybot_bringup/share/baldybot_bringup/package.sh'
[0.714s] INFO:colcon.colcon_core.shell:Creating package script '/home/itti_jammy/RoverBaldies_ws/install/baldybot_bringup/share/baldybot_bringup/package.bash'
[0.715s] INFO:colcon.colcon_core.shell:Creating package script '/home/itti_jammy/RoverBaldies_ws/install/baldybot_bringup/share/baldybot_bringup/package.zsh'
[0.715s] Level 1:colcon.colcon_core.environment:create_file_with_runtime_dependencies(/home/itti_jammy/RoverBaldies_ws/install/baldybot_bringup/share/colcon-core/packages/baldybot_bringup)
[0.716s] Level 1:colcon.colcon_core.environment:create_environment_scripts_only(baldybot_bringup)
[0.716s] Level 1:colcon.colcon_core.environment:checking '/home/itti_jammy/RoverBaldies_ws/install/baldybot_bringup' for CMake module files
[0.717s] Level 1:colcon.colcon_core.environment:checking '/home/itti_jammy/RoverBaldies_ws/install/baldybot_bringup' for CMake config files
[0.717s] Level 1:colcon.colcon_core.shell:create_environment_hook('baldybot_bringup', 'cmake_prefix_path')
[0.717s] INFO:colcon.colcon_core.shell:Creating environment hook '/home/itti_jammy/RoverBaldies_ws/install/baldybot_bringup/share/baldybot_bringup/hook/cmake_prefix_path.ps1'
[0.718s] INFO:colcon.colcon_core.shell:Creating environment descriptor '/home/itti_jammy/RoverBaldies_ws/install/baldybot_bringup/share/baldybot_bringup/hook/cmake_prefix_path.dsv'
[0.718s] INFO:colcon.colcon_core.shell:Creating environment hook '/home/itti_jammy/RoverBaldies_ws/install/baldybot_bringup/share/baldybot_bringup/hook/cmake_prefix_path.sh'
[0.719s] Level 1:colcon.colcon_core.environment:checking '/home/itti_jammy/RoverBaldies_ws/install/baldybot_bringup/bin'
[0.719s] Level 1:colcon.colcon_core.environment:checking '/home/itti_jammy/RoverBaldies_ws/install/baldybot_bringup/lib/pkgconfig/baldybot_bringup.pc'
[0.719s] Level 1:colcon.colcon_core.environment:checking '/home/itti_jammy/RoverBaldies_ws/install/baldybot_bringup/lib/python3.10/site-packages'
[0.720s] Level 1:colcon.colcon_core.environment:checking '/home/itti_jammy/RoverBaldies_ws/install/baldybot_bringup/bin'
[0.720s] INFO:colcon.colcon_core.shell:Creating package script '/home/itti_jammy/RoverBaldies_ws/install/baldybot_bringup/share/baldybot_bringup/package.ps1'
[0.721s] INFO:colcon.colcon_core.shell:Creating package descriptor '/home/itti_jammy/RoverBaldies_ws/install/baldybot_bringup/share/baldybot_bringup/package.dsv'
[0.722s] INFO:colcon.colcon_core.shell:Creating package script '/home/itti_jammy/RoverBaldies_ws/install/baldybot_bringup/share/baldybot_bringup/package.sh'
[0.722s] INFO:colcon.colcon_core.shell:Creating package script '/home/itti_jammy/RoverBaldies_ws/install/baldybot_bringup/share/baldybot_bringup/package.bash'
[0.724s] INFO:colcon.colcon_core.shell:Creating package script '/home/itti_jammy/RoverBaldies_ws/install/baldybot_bringup/share/baldybot_bringup/package.zsh'
[0.724s] Level 1:colcon.colcon_core.environment:create_file_with_runtime_dependencies(/home/itti_jammy/RoverBaldies_ws/install/baldybot_bringup/share/colcon-core/packages/baldybot_bringup)
[0.725s] DEBUG:colcon.colcon_parallel_executor.executor.parallel:closing loop
[0.725s] DEBUG:colcon.colcon_parallel_executor.executor.parallel:loop closed
[0.726s] DEBUG:colcon.colcon_parallel_executor.executor.parallel:run_until_complete finished with '0'
[0.726s] DEBUG:colcon.colcon_core.event_reactor:joining thread
[0.738s] INFO:colcon.colcon_core.plugin_system:Skipping extension 'colcon_notification.desktop_notification.terminal_notifier': Not used on non-Darwin systems
[0.739s] INFO:colcon.colcon_core.plugin_system:Skipping extension 'colcon_notification.desktop_notification.win32': Not used on non-Windows systems
[0.739s] INFO:colcon.colcon_notification.desktop_notification:Sending desktop notification using 'notify2'
[0.778s] DEBUG:colcon.colcon_core.event_reactor:joined thread
[0.779s] INFO:colcon.colcon_core.shell:Creating prefix script '/home/itti_jammy/RoverBaldies_ws/install/local_setup.ps1'
[0.781s] INFO:colcon.colcon_core.shell:Creating prefix util module '/home/itti_jammy/RoverBaldies_ws/install/_local_setup_util_ps1.py'
[0.784s] INFO:colcon.colcon_core.shell:Creating prefix chain script '/home/itti_jammy/RoverBaldies_ws/install/setup.ps1'
[0.788s] INFO:colcon.colcon_core.shell:Creating prefix script '/home/itti_jammy/RoverBaldies_ws/install/local_setup.sh'
[0.789s] INFO:colcon.colcon_core.shell:Creating prefix util module '/home/itti_jammy/RoverBaldies_ws/install/_local_setup_util_sh.py'
[0.791s] INFO:colcon.colcon_core.shell:Creating prefix chain script '/home/itti_jammy/RoverBaldies_ws/install/setup.sh'
[0.793s] INFO:colcon.colcon_core.shell:Creating prefix script '/home/itti_jammy/RoverBaldies_ws/install/local_setup.bash'
[0.795s] INFO:colcon.colcon_core.shell:Creating prefix chain script '/home/itti_jammy/RoverBaldies_ws/install/setup.bash'
[0.798s] INFO:colcon.colcon_core.shell:Creating prefix script '/home/itti_jammy/RoverBaldies_ws/install/local_setup.zsh'
[0.799s] INFO:colcon.colcon_core.shell:Creating prefix chain script '/home/itti_jammy/RoverBaldies_ws/install/setup.zsh'
