[0.083s] DEBUG:colcon:Command line arguments: ['/usr/bin/colcon', 'build', '--symlink-install']
[0.083s] DEBUG:colcon:Parsed command line arguments: Namespace(log_base=None, log_level=None, verb_name='build', build_base='build', install_base='install', merge_install=False, symlink_install=True, test_result_base=None, continue_on_error=False, executor='parallel', parallel_workers=16, event_handlers=None, ignore_user_meta=False, metas=['./colcon.meta'], base_paths=['.'], packages_ignore=None, packages_ignore_regex=None, paths=None, packages_up_to=None, packages_up_to_regex=None, packages_above=None, packages_above_and_dependencies=None, packages_above_depth=None, packages_select_by_dep=None, packages_skip_by_dep=None, packages_skip_up_to=None, packages_select_build_failed=False, packages_skip_build_finished=False, packages_select_test_failures=False, packages_skip_test_passed=False, packages_select=None, packages_skip=None, packages_select_regex=None, packages_skip_regex=None, packages_start=None, packages_end=None, allow_overriding=[], cmake_args=None, cmake_target=None, cmake_target_skip_unavailable=False, cmake_clean_cache=False, cmake_clean_first=False, cmake_force_configure=False, ament_cmake_args=None, catkin_cmake_args=None, catkin_skip_building_tests=False, verb_parser=<colcon_defaults.argument_parser.defaults.DefaultArgumentsDecorator object at 0x7030d07d8910>, verb_extension=<colcon_core.verb.build.BuildVerb object at 0x7030d095dc90>, main=<bound method BuildVerb.main of <colcon_core.verb.build.BuildVerb object at 0x7030d095dc90>>)
[0.221s] Level 1:colcon.colcon_core.package_discovery:discover_packages(colcon_meta) check parameters
[0.221s] Level 1:colcon.colcon_core.package_discovery:discover_packages(recursive) check parameters
[0.221s] Level 1:colcon.colcon_core.package_discovery:discover_packages(ignore) check parameters
[0.221s] Level 1:colcon.colcon_core.package_discovery:discover_packages(path) check parameters
[0.221s] Level 1:colcon.colcon_core.package_discovery:discover_packages(colcon_meta) discover
[0.221s] Level 1:colcon.colcon_core.package_discovery:discover_packages(recursive) discover
[0.221s] INFO:colcon.colcon_core.package_discovery:Crawling recursively for packages in '/home/itti_jammy/RoverBaldies_ws'
[0.221s] Level 1:colcon.colcon_core.package_identification:_identify(.) by extensions ['ignore', 'ignore_ament_install']
[0.221s] Level 1:colcon.colcon_core.package_identification:_identify(.) by extension 'ignore'
[0.221s] Level 1:colcon.colcon_core.package_identification:_identify(.) by extension 'ignore_ament_install'
[0.221s] Level 1:colcon.colcon_core.package_identification:_identify(.) by extensions ['colcon_pkg']
[0.221s] Level 1:colcon.colcon_core.package_identification:_identify(.) by extension 'colcon_pkg'
[0.222s] Level 1:colcon.colcon_core.package_identification:_identify(.) by extensions ['colcon_meta']
[0.222s] Level 1:colcon.colcon_core.package_identification:_identify(.) by extension 'colcon_meta'
[0.222s] Level 1:colcon.colcon_core.package_identification:_identify(.) by extensions ['ros']
[0.222s] Level 1:colcon.colcon_core.package_identification:_identify(.) by extension 'ros'
[0.230s] Level 1:colcon.colcon_core.package_identification:_identify(.) by extensions ['cmake', 'python']
[0.230s] Level 1:colcon.colcon_core.package_identification:_identify(.) by extension 'cmake'
[0.230s] Level 1:colcon.colcon_core.package_identification:_identify(.) by extension 'python'
[0.231s] Level 1:colcon.colcon_core.package_identification:_identify(.) by extensions ['python_setup_py']
[0.231s] Level 1:colcon.colcon_core.package_identification:_identify(.) by extension 'python_setup_py'
[0.231s] Level 1:colcon.colcon_core.package_identification:_identify(build) by extensions ['ignore', 'ignore_ament_install']
[0.231s] Level 1:colcon.colcon_core.package_identification:_identify(build) by extension 'ignore'
[0.231s] Level 1:colcon.colcon_core.package_identification:_identify(build) ignored
[0.231s] Level 1:colcon.colcon_core.package_identification:_identify(install) by extensions ['ignore', 'ignore_ament_install']
[0.231s] Level 1:colcon.colcon_core.package_identification:_identify(install) by extension 'ignore'
[0.231s] Level 1:colcon.colcon_core.package_identification:_identify(install) ignored
[0.231s] Level 1:colcon.colcon_core.package_identification:_identify(log) by extensions ['ignore', 'ignore_ament_install']
[0.231s] Level 1:colcon.colcon_core.package_identification:_identify(log) by extension 'ignore'
[0.231s] Level 1:colcon.colcon_core.package_identification:_identify(log) ignored
[0.231s] Level 1:colcon.colcon_core.package_identification:_identify(src) by extensions ['ignore', 'ignore_ament_install']
[0.231s] Level 1:colcon.colcon_core.package_identification:_identify(src) by extension 'ignore'
[0.231s] Level 1:colcon.colcon_core.package_identification:_identify(src) by extension 'ignore_ament_install'
[0.231s] Level 1:colcon.colcon_core.package_identification:_identify(src) by extensions ['colcon_pkg']
[0.231s] Level 1:colcon.colcon_core.package_identification:_identify(src) by extension 'colcon_pkg'
[0.231s] Level 1:colcon.colcon_core.package_identification:_identify(src) by extensions ['colcon_meta']
[0.232s] Level 1:colcon.colcon_core.package_identification:_identify(src) by extension 'colcon_meta'
[0.232s] Level 1:colcon.colcon_core.package_identification:_identify(src) by extensions ['ros']
[0.232s] Level 1:colcon.colcon_core.package_identification:_identify(src) by extension 'ros'
[0.232s] Level 1:colcon.colcon_core.package_identification:_identify(src) by extensions ['cmake', 'python']
[0.232s] Level 1:colcon.colcon_core.package_identification:_identify(src) by extension 'cmake'
[0.232s] Level 1:colcon.colcon_core.package_identification:_identify(src) by extension 'python'
[0.232s] Level 1:colcon.colcon_core.package_identification:_identify(src) by extensions ['python_setup_py']
[0.232s] Level 1:colcon.colcon_core.package_identification:_identify(src) by extension 'python_setup_py'
[0.232s] Level 1:colcon.colcon_core.package_identification:_identify(src/baldybot_bringup) by extensions ['ignore', 'ignore_ament_install']
[0.232s] Level 1:colcon.colcon_core.package_identification:_identify(src/baldybot_bringup) by extension 'ignore'
[0.232s] Level 1:colcon.colcon_core.package_identification:_identify(src/baldybot_bringup) by extension 'ignore_ament_install'
[0.232s] Level 1:colcon.colcon_core.package_identification:_identify(src/baldybot_bringup) by extensions ['colcon_pkg']
[0.232s] Level 1:colcon.colcon_core.package_identification:_identify(src/baldybot_bringup) by extension 'colcon_pkg'
[0.232s] Level 1:colcon.colcon_core.package_identification:_identify(src/baldybot_bringup) by extensions ['colcon_meta']
[0.232s] Level 1:colcon.colcon_core.package_identification:_identify(src/baldybot_bringup) by extension 'colcon_meta'
[0.232s] Level 1:colcon.colcon_core.package_identification:_identify(src/baldybot_bringup) by extensions ['ros']
[0.232s] Level 1:colcon.colcon_core.package_identification:_identify(src/baldybot_bringup) by extension 'ros'
[0.234s] DEBUG:colcon.colcon_core.package_identification:Package 'src/baldybot_bringup' with type 'ros.ament_cmake' and name 'baldybot_bringup'
[0.234s] Level 1:colcon.colcon_core.package_identification:_identify(src/baldybot_description) by extensions ['ignore', 'ignore_ament_install']
[0.234s] Level 1:colcon.colcon_core.package_identification:_identify(src/baldybot_description) by extension 'ignore'
[0.234s] Level 1:colcon.colcon_core.package_identification:_identify(src/baldybot_description) by extension 'ignore_ament_install'
[0.234s] Level 1:colcon.colcon_core.package_identification:_identify(src/baldybot_description) by extensions ['colcon_pkg']
[0.234s] Level 1:colcon.colcon_core.package_identification:_identify(src/baldybot_description) by extension 'colcon_pkg'
[0.234s] Level 1:colcon.colcon_core.package_identification:_identify(src/baldybot_description) by extensions ['colcon_meta']
[0.234s] Level 1:colcon.colcon_core.package_identification:_identify(src/baldybot_description) by extension 'colcon_meta'
[0.234s] Level 1:colcon.colcon_core.package_identification:_identify(src/baldybot_description) by extensions ['ros']
[0.235s] Level 1:colcon.colcon_core.package_identification:_identify(src/baldybot_description) by extension 'ros'
[0.235s] DEBUG:colcon.colcon_core.package_identification:Package 'src/baldybot_description' with type 'ros.ament_cmake' and name 'baldybot_description'
[0.235s] Level 1:colcon.colcon_core.package_discovery:discover_packages(recursive) using defaults
[0.235s] Level 1:colcon.colcon_core.package_discovery:discover_packages(ignore) discover
[0.235s] Level 1:colcon.colcon_core.package_discovery:discover_packages(ignore) using defaults
[0.235s] Level 1:colcon.colcon_core.package_discovery:discover_packages(path) discover
[0.235s] Level 1:colcon.colcon_core.package_discovery:discover_packages(path) using defaults
[0.262s] Level 1:colcon.colcon_core.package_discovery:discover_packages(prefix_path) check parameters
[0.262s] Level 1:colcon.colcon_core.package_discovery:discover_packages(prefix_path) discover
[0.263s] DEBUG:colcon.colcon_installed_package_information.package_discovery:Found 3 installed packages in /home/itti_jammy/RoverBaldies_ws/install
[0.264s] DEBUG:colcon.colcon_installed_package_information.package_discovery:Found 4 installed packages in /home/itti_jammy/ros2_ws_jammy/install
[0.264s] DEBUG:colcon.colcon_installed_package_information.package_discovery:Found 1 installed packages in /home/itti_jammy/Desktop/articubot_one/install
[0.265s] DEBUG:colcon.colcon_installed_package_information.package_discovery:Found 401 installed packages in /opt/ros/humble
[0.267s] Level 1:colcon.colcon_core.package_discovery:discover_packages(prefix_path) using defaults
[0.306s] Level 5:colcon.colcon_core.verb:set package 'baldybot_description' build argument 'cmake_args' from command line to 'None'
[0.307s] Level 5:colcon.colcon_core.verb:set package 'baldybot_description' build argument 'cmake_target' from command line to 'None'
[0.307s] Level 5:colcon.colcon_core.verb:set package 'baldybot_description' build argument 'cmake_target_skip_unavailable' from command line to 'False'
[0.307s] Level 5:colcon.colcon_core.verb:set package 'baldybot_description' build argument 'cmake_clean_cache' from command line to 'False'
[0.307s] Level 5:colcon.colcon_core.verb:set package 'baldybot_description' build argument 'cmake_clean_first' from command line to 'False'
[0.307s] Level 5:colcon.colcon_core.verb:set package 'baldybot_description' build argument 'cmake_force_configure' from command line to 'False'
[0.307s] Level 5:colcon.colcon_core.verb:set package 'baldybot_description' build argument 'ament_cmake_args' from command line to 'None'
[0.307s] Level 5:colcon.colcon_core.verb:set package 'baldybot_description' build argument 'catkin_cmake_args' from command line to 'None'
[0.307s] Level 5:colcon.colcon_core.verb:set package 'baldybot_description' build argument 'catkin_skip_building_tests' from command line to 'False'
[0.307s] DEBUG:colcon.colcon_core.verb:Building package 'baldybot_description' with the following arguments: {'ament_cmake_args': None, 'build_base': '/home/itti_jammy/RoverBaldies_ws/build/baldybot_description', 'catkin_cmake_args': None, 'catkin_skip_building_tests': False, 'cmake_args': None, 'cmake_clean_cache': False, 'cmake_clean_first': False, 'cmake_force_configure': False, 'cmake_target': None, 'cmake_target_skip_unavailable': False, 'install_base': '/home/itti_jammy/RoverBaldies_ws/install/baldybot_description', 'merge_install': False, 'path': '/home/itti_jammy/RoverBaldies_ws/src/baldybot_description', 'symlink_install': True, 'test_result_base': None}
[0.307s] Level 5:colcon.colcon_core.verb:set package 'baldybot_bringup' build argument 'cmake_args' from command line to 'None'
[0.307s] Level 5:colcon.colcon_core.verb:set package 'baldybot_bringup' build argument 'cmake_target' from command line to 'None'
[0.307s] Level 5:colcon.colcon_core.verb:set package 'baldybot_bringup' build argument 'cmake_target_skip_unavailable' from command line to 'False'
[0.307s] Level 5:colcon.colcon_core.verb:set package 'baldybot_bringup' build argument 'cmake_clean_cache' from command line to 'False'
[0.307s] Level 5:colcon.colcon_core.verb:set package 'baldybot_bringup' build argument 'cmake_clean_first' from command line to 'False'
[0.307s] Level 5:colcon.colcon_core.verb:set package 'baldybot_bringup' build argument 'cmake_force_configure' from command line to 'False'
[0.307s] Level 5:colcon.colcon_core.verb:set package 'baldybot_bringup' build argument 'ament_cmake_args' from command line to 'None'
[0.307s] Level 5:colcon.colcon_core.verb:set package 'baldybot_bringup' build argument 'catkin_cmake_args' from command line to 'None'
[0.307s] Level 5:colcon.colcon_core.verb:set package 'baldybot_bringup' build argument 'catkin_skip_building_tests' from command line to 'False'
[0.307s] DEBUG:colcon.colcon_core.verb:Building package 'baldybot_bringup' with the following arguments: {'ament_cmake_args': None, 'build_base': '/home/itti_jammy/RoverBaldies_ws/build/baldybot_bringup', 'catkin_cmake_args': None, 'catkin_skip_building_tests': False, 'cmake_args': None, 'cmake_clean_cache': False, 'cmake_clean_first': False, 'cmake_force_configure': False, 'cmake_target': None, 'cmake_target_skip_unavailable': False, 'install_base': '/home/itti_jammy/RoverBaldies_ws/install/baldybot_bringup', 'merge_install': False, 'path': '/home/itti_jammy/RoverBaldies_ws/src/baldybot_bringup', 'symlink_install': True, 'test_result_base': None}
[0.307s] INFO:colcon.colcon_core.executor:Executing jobs using 'parallel' executor
[0.308s] DEBUG:colcon.colcon_parallel_executor.executor.parallel:run_until_complete
[0.308s] INFO:colcon.colcon_ros.task.ament_cmake.build:Building ROS package in '/home/itti_jammy/RoverBaldies_ws/src/baldybot_description' with build type 'ament_cmake'
[0.308s] INFO:colcon.colcon_cmake.task.cmake.build:Building CMake package in '/home/itti_jammy/RoverBaldies_ws/src/baldybot_description'
[0.310s] INFO:colcon.colcon_core.plugin_system:Skipping extension 'colcon_core.shell.bat': Not used on non-Windows systems
[0.310s] INFO:colcon.colcon_core.shell:Skip shell extension 'powershell' for command environment: Not usable outside of PowerShell
[0.310s] DEBUG:colcon.colcon_core.shell:Skip shell extension 'dsv' for command environment
[0.323s] DEBUG:colcon.colcon_core.event_handler.log_command:Invoking command in '/home/itti_jammy/RoverBaldies_ws/build/baldybot_description': CMAKE_PREFIX_PATH=${CMAKE_PREFIX_PATH}:/home/itti_jammy/ros2_ws_jammy/install/my_py_pkg:/home/itti_jammy/RoverBaldies_ws/install/baldybot_CS:/opt/ros/humble /usr/bin/cmake /home/itti_jammy/RoverBaldies_ws/src/baldybot_description -DAMENT_CMAKE_SYMLINK_INSTALL=1 -DCMAKE_INSTALL_PREFIX=/home/itti_jammy/RoverBaldies_ws/install/baldybot_description
[0.559s] DEBUG:colcon.colcon_core.event_handler.log_command:Invoked command in '/home/itti_jammy/RoverBaldies_ws/build/baldybot_description' returned '0': CMAKE_PREFIX_PATH=${CMAKE_PREFIX_PATH}:/home/itti_jammy/ros2_ws_jammy/install/my_py_pkg:/home/itti_jammy/RoverBaldies_ws/install/baldybot_CS:/opt/ros/humble /usr/bin/cmake /home/itti_jammy/RoverBaldies_ws/src/baldybot_description -DAMENT_CMAKE_SYMLINK_INSTALL=1 -DCMAKE_INSTALL_PREFIX=/home/itti_jammy/RoverBaldies_ws/install/baldybot_description
[0.563s] DEBUG:colcon.colcon_core.event_handler.log_command:Invoking command in '/home/itti_jammy/RoverBaldies_ws/build/baldybot_description': CMAKE_PREFIX_PATH=${CMAKE_PREFIX_PATH}:/home/itti_jammy/ros2_ws_jammy/install/my_py_pkg:/home/itti_jammy/RoverBaldies_ws/install/baldybot_CS:/opt/ros/humble /usr/bin/cmake --build /home/itti_jammy/RoverBaldies_ws/build/baldybot_description -- -j16 -l16
[0.621s] DEBUG:colcon.colcon_core.event_handler.log_command:Invoked command in '/home/itti_jammy/RoverBaldies_ws/build/baldybot_description' returned '0': CMAKE_PREFIX_PATH=${CMAKE_PREFIX_PATH}:/home/itti_jammy/ros2_ws_jammy/install/my_py_pkg:/home/itti_jammy/RoverBaldies_ws/install/baldybot_CS:/opt/ros/humble /usr/bin/cmake --build /home/itti_jammy/RoverBaldies_ws/build/baldybot_description -- -j16 -l16
[0.643s] DEBUG:colcon.colcon_core.event_handler.log_command:Invoking command in '/home/itti_jammy/RoverBaldies_ws/build/baldybot_description': CMAKE_PREFIX_PATH=${CMAKE_PREFIX_PATH}:/home/itti_jammy/ros2_ws_jammy/install/my_py_pkg:/home/itti_jammy/RoverBaldies_ws/install/baldybot_CS:/opt/ros/humble /usr/bin/cmake --install /home/itti_jammy/RoverBaldies_ws/build/baldybot_description
[0.676s] Level 1:colcon.colcon_core.environment:create_environment_scripts_only(baldybot_description)
[0.677s] DEBUG:colcon.colcon_core.event_handler.log_command:Invoked command in '/home/itti_jammy/RoverBaldies_ws/build/baldybot_description' returned '0': CMAKE_PREFIX_PATH=${CMAKE_PREFIX_PATH}:/home/itti_jammy/ros2_ws_jammy/install/my_py_pkg:/home/itti_jammy/RoverBaldies_ws/install/baldybot_CS:/opt/ros/humble /usr/bin/cmake --install /home/itti_jammy/RoverBaldies_ws/build/baldybot_description
[0.681s] Level 1:colcon.colcon_core.environment:checking '/home/itti_jammy/RoverBaldies_ws/install/baldybot_description' for CMake module files
[0.682s] Level 1:colcon.colcon_core.environment:checking '/home/itti_jammy/RoverBaldies_ws/install/baldybot_description' for CMake config files
[0.683s] Level 1:colcon.colcon_core.shell:create_environment_hook('baldybot_description', 'cmake_prefix_path')
[0.684s] INFO:colcon.colcon_core.shell:Creating environment hook '/home/itti_jammy/RoverBaldies_ws/install/baldybot_description/share/baldybot_description/hook/cmake_prefix_path.ps1'
[0.685s] INFO:colcon.colcon_core.shell:Creating environment descriptor '/home/itti_jammy/RoverBaldies_ws/install/baldybot_description/share/baldybot_description/hook/cmake_prefix_path.dsv'
[0.686s] INFO:colcon.colcon_core.shell:Creating environment hook '/home/itti_jammy/RoverBaldies_ws/install/baldybot_description/share/baldybot_description/hook/cmake_prefix_path.sh'
[0.688s] Level 1:colcon.colcon_core.environment:checking '/home/itti_jammy/RoverBaldies_ws/install/baldybot_description/bin'
[0.688s] Level 1:colcon.colcon_core.environment:checking '/home/itti_jammy/RoverBaldies_ws/install/baldybot_description/lib/pkgconfig/baldybot_description.pc'
[0.688s] Level 1:colcon.colcon_core.environment:checking '/home/itti_jammy/RoverBaldies_ws/install/baldybot_description/lib/python3.10/site-packages'
[0.688s] Level 1:colcon.colcon_core.environment:checking '/home/itti_jammy/RoverBaldies_ws/install/baldybot_description/bin'
[0.689s] INFO:colcon.colcon_core.shell:Creating package script '/home/itti_jammy/RoverBaldies_ws/install/baldybot_description/share/baldybot_description/package.ps1'
[0.691s] INFO:colcon.colcon_core.shell:Creating package descriptor '/home/itti_jammy/RoverBaldies_ws/install/baldybot_description/share/baldybot_description/package.dsv'
[0.692s] INFO:colcon.colcon_core.shell:Creating package script '/home/itti_jammy/RoverBaldies_ws/install/baldybot_description/share/baldybot_description/package.sh'
[0.694s] INFO:colcon.colcon_core.shell:Creating package script '/home/itti_jammy/RoverBaldies_ws/install/baldybot_description/share/baldybot_description/package.bash'
[0.695s] INFO:colcon.colcon_core.shell:Creating package script '/home/itti_jammy/RoverBaldies_ws/install/baldybot_description/share/baldybot_description/package.zsh'
[0.697s] Level 1:colcon.colcon_core.environment:create_file_with_runtime_dependencies(/home/itti_jammy/RoverBaldies_ws/install/baldybot_description/share/colcon-core/packages/baldybot_description)
[0.698s] Level 1:colcon.colcon_core.environment:create_environment_scripts_only(baldybot_description)
[0.698s] Level 1:colcon.colcon_core.environment:checking '/home/itti_jammy/RoverBaldies_ws/install/baldybot_description' for CMake module files
[0.699s] Level 1:colcon.colcon_core.environment:checking '/home/itti_jammy/RoverBaldies_ws/install/baldybot_description' for CMake config files
[0.700s] Level 1:colcon.colcon_core.shell:create_environment_hook('baldybot_description', 'cmake_prefix_path')
[0.701s] INFO:colcon.colcon_core.shell:Creating environment hook '/home/itti_jammy/RoverBaldies_ws/install/baldybot_description/share/baldybot_description/hook/cmake_prefix_path.ps1'
[0.702s] INFO:colcon.colcon_core.shell:Creating environment descriptor '/home/itti_jammy/RoverBaldies_ws/install/baldybot_description/share/baldybot_description/hook/cmake_prefix_path.dsv'
[0.703s] INFO:colcon.colcon_core.shell:Creating environment hook '/home/itti_jammy/RoverBaldies_ws/install/baldybot_description/share/baldybot_description/hook/cmake_prefix_path.sh'
[0.704s] Level 1:colcon.colcon_core.environment:checking '/home/itti_jammy/RoverBaldies_ws/install/baldybot_description/bin'
[0.704s] Level 1:colcon.colcon_core.environment:checking '/home/itti_jammy/RoverBaldies_ws/install/baldybot_description/lib/pkgconfig/baldybot_description.pc'
[0.705s] Level 1:colcon.colcon_core.environment:checking '/home/itti_jammy/RoverBaldies_ws/install/baldybot_description/lib/python3.10/site-packages'
[0.705s] Level 1:colcon.colcon_core.environment:checking '/home/itti_jammy/RoverBaldies_ws/install/baldybot_description/bin'
[0.706s] INFO:colcon.colcon_core.shell:Creating package script '/home/itti_jammy/RoverBaldies_ws/install/baldybot_description/share/baldybot_description/package.ps1'
[0.707s] INFO:colcon.colcon_core.shell:Creating package descriptor '/home/itti_jammy/RoverBaldies_ws/install/baldybot_description/share/baldybot_description/package.dsv'
[0.708s] INFO:colcon.colcon_core.shell:Creating package script '/home/itti_jammy/RoverBaldies_ws/install/baldybot_description/share/baldybot_description/package.sh'
[0.709s] INFO:colcon.colcon_core.shell:Creating package script '/home/itti_jammy/RoverBaldies_ws/install/baldybot_description/share/baldybot_description/package.bash'
[0.710s] INFO:colcon.colcon_core.shell:Creating package script '/home/itti_jammy/RoverBaldies_ws/install/baldybot_description/share/baldybot_description/package.zsh'
[0.711s] Level 1:colcon.colcon_core.environment:create_file_with_runtime_dependencies(/home/itti_jammy/RoverBaldies_ws/install/baldybot_description/share/colcon-core/packages/baldybot_description)
[0.712s] INFO:colcon.colcon_ros.task.ament_cmake.build:Building ROS package in '/home/itti_jammy/RoverBaldies_ws/src/baldybot_bringup' with build type 'ament_cmake'
[0.712s] INFO:colcon.colcon_cmake.task.cmake.build:Building CMake package in '/home/itti_jammy/RoverBaldies_ws/src/baldybot_bringup'
[0.712s] INFO:colcon.colcon_core.shell:Skip shell extension 'powershell' for command environment: Not usable outside of PowerShell
[0.713s] DEBUG:colcon.colcon_core.shell:Skip shell extension 'dsv' for command environment
[0.736s] DEBUG:colcon.colcon_core.event_handler.log_command:Invoking command in '/home/itti_jammy/RoverBaldies_ws/build/baldybot_bringup': CMAKE_PREFIX_PATH=/home/itti_jammy/RoverBaldies_ws/install/baldybot_description:/home/itti_jammy/ros2_ws_jammy/install/my_robot_interfaces:/home/itti_jammy/ros2_ws_jammy/install/my_robot_bringup:/home/itti_jammy/ros2_ws_jammy/install/my_robot_description:/home/itti_jammy/RoverBaldies_ws/install/baldybot_bringup:/home/itti_jammy/Desktop/articubot_one/install/articubot_one:/home/itti_jammy/ros2_ws_jammy/install/my_py_pkg:/home/itti_jammy/RoverBaldies_ws/install/baldybot_CS:/opt/ros/humble /usr/bin/cmake /home/itti_jammy/RoverBaldies_ws/src/baldybot_bringup -DAMENT_CMAKE_SYMLINK_INSTALL=1 -DCMAKE_INSTALL_PREFIX=/home/itti_jammy/RoverBaldies_ws/install/baldybot_bringup
[0.987s] DEBUG:colcon.colcon_core.event_handler.log_command:Invoked command in '/home/itti_jammy/RoverBaldies_ws/build/baldybot_bringup' returned '0': CMAKE_PREFIX_PATH=/home/itti_jammy/RoverBaldies_ws/install/baldybot_description:/home/itti_jammy/ros2_ws_jammy/install/my_robot_interfaces:/home/itti_jammy/ros2_ws_jammy/install/my_robot_bringup:/home/itti_jammy/ros2_ws_jammy/install/my_robot_description:/home/itti_jammy/RoverBaldies_ws/install/baldybot_bringup:/home/itti_jammy/Desktop/articubot_one/install/articubot_one:/home/itti_jammy/ros2_ws_jammy/install/my_py_pkg:/home/itti_jammy/RoverBaldies_ws/install/baldybot_CS:/opt/ros/humble /usr/bin/cmake /home/itti_jammy/RoverBaldies_ws/src/baldybot_bringup -DAMENT_CMAKE_SYMLINK_INSTALL=1 -DCMAKE_INSTALL_PREFIX=/home/itti_jammy/RoverBaldies_ws/install/baldybot_bringup
[0.990s] DEBUG:colcon.colcon_core.event_handler.log_command:Invoking command in '/home/itti_jammy/RoverBaldies_ws/build/baldybot_bringup': CMAKE_PREFIX_PATH=/home/itti_jammy/RoverBaldies_ws/install/baldybot_description:/home/itti_jammy/ros2_ws_jammy/install/my_robot_interfaces:/home/itti_jammy/ros2_ws_jammy/install/my_robot_bringup:/home/itti_jammy/ros2_ws_jammy/install/my_robot_description:/home/itti_jammy/RoverBaldies_ws/install/baldybot_bringup:/home/itti_jammy/Desktop/articubot_one/install/articubot_one:/home/itti_jammy/ros2_ws_jammy/install/my_py_pkg:/home/itti_jammy/RoverBaldies_ws/install/baldybot_CS:/opt/ros/humble /usr/bin/cmake --build /home/itti_jammy/RoverBaldies_ws/build/baldybot_bringup -- -j16 -l16
[1.045s] DEBUG:colcon.colcon_core.event_handler.log_command:Invoked command in '/home/itti_jammy/RoverBaldies_ws/build/baldybot_bringup' returned '0': CMAKE_PREFIX_PATH=/home/itti_jammy/RoverBaldies_ws/install/baldybot_description:/home/itti_jammy/ros2_ws_jammy/install/my_robot_interfaces:/home/itti_jammy/ros2_ws_jammy/install/my_robot_bringup:/home/itti_jammy/ros2_ws_jammy/install/my_robot_description:/home/itti_jammy/RoverBaldies_ws/install/baldybot_bringup:/home/itti_jammy/Desktop/articubot_one/install/articubot_one:/home/itti_jammy/ros2_ws_jammy/install/my_py_pkg:/home/itti_jammy/RoverBaldies_ws/install/baldybot_CS:/opt/ros/humble /usr/bin/cmake --build /home/itti_jammy/RoverBaldies_ws/build/baldybot_bringup -- -j16 -l16
[1.050s] DEBUG:colcon.colcon_core.event_handler.log_command:Invoking command in '/home/itti_jammy/RoverBaldies_ws/build/baldybot_bringup': CMAKE_PREFIX_PATH=/home/itti_jammy/RoverBaldies_ws/install/baldybot_description:/home/itti_jammy/ros2_ws_jammy/install/my_robot_interfaces:/home/itti_jammy/ros2_ws_jammy/install/my_robot_bringup:/home/itti_jammy/ros2_ws_jammy/install/my_robot_description:/home/itti_jammy/RoverBaldies_ws/install/baldybot_bringup:/home/itti_jammy/Desktop/articubot_one/install/articubot_one:/home/itti_jammy/ros2_ws_jammy/install/my_py_pkg:/home/itti_jammy/RoverBaldies_ws/install/baldybot_CS:/opt/ros/humble /usr/bin/cmake --install /home/itti_jammy/RoverBaldies_ws/build/baldybot_bringup
[1.095s] Level 1:colcon.colcon_core.environment:create_environment_scripts_only(baldybot_bringup)
[1.095s] Level 1:colcon.colcon_core.environment:checking '/home/itti_jammy/RoverBaldies_ws/install/baldybot_bringup' for CMake module files
[1.096s] DEBUG:colcon.colcon_core.event_handler.log_command:Invoked command in '/home/itti_jammy/RoverBaldies_ws/build/baldybot_bringup' returned '0': CMAKE_PREFIX_PATH=/home/itti_jammy/RoverBaldies_ws/install/baldybot_description:/home/itti_jammy/ros2_ws_jammy/install/my_robot_interfaces:/home/itti_jammy/ros2_ws_jammy/install/my_robot_bringup:/home/itti_jammy/ros2_ws_jammy/install/my_robot_description:/home/itti_jammy/RoverBaldies_ws/install/baldybot_bringup:/home/itti_jammy/Desktop/articubot_one/install/articubot_one:/home/itti_jammy/ros2_ws_jammy/install/my_py_pkg:/home/itti_jammy/RoverBaldies_ws/install/baldybot_CS:/opt/ros/humble /usr/bin/cmake --install /home/itti_jammy/RoverBaldies_ws/build/baldybot_bringup
[1.097s] Level 1:colcon.colcon_core.environment:checking '/home/itti_jammy/RoverBaldies_ws/install/baldybot_bringup' for CMake config files
[1.097s] Level 1:colcon.colcon_core.shell:create_environment_hook('baldybot_bringup', 'cmake_prefix_path')
[1.098s] INFO:colcon.colcon_core.shell:Creating environment hook '/home/itti_jammy/RoverBaldies_ws/install/baldybot_bringup/share/baldybot_bringup/hook/cmake_prefix_path.ps1'
[1.099s] INFO:colcon.colcon_core.shell:Creating environment descriptor '/home/itti_jammy/RoverBaldies_ws/install/baldybot_bringup/share/baldybot_bringup/hook/cmake_prefix_path.dsv'
[1.099s] INFO:colcon.colcon_core.shell:Creating environment hook '/home/itti_jammy/RoverBaldies_ws/install/baldybot_bringup/share/baldybot_bringup/hook/cmake_prefix_path.sh'
[1.100s] Level 1:colcon.colcon_core.environment:checking '/home/itti_jammy/RoverBaldies_ws/install/baldybot_bringup/bin'
[1.101s] Level 1:colcon.colcon_core.environment:checking '/home/itti_jammy/RoverBaldies_ws/install/baldybot_bringup/lib/pkgconfig/baldybot_bringup.pc'
[1.101s] Level 1:colcon.colcon_core.environment:checking '/home/itti_jammy/RoverBaldies_ws/install/baldybot_bringup/lib/python3.10/site-packages'
[1.101s] Level 1:colcon.colcon_core.environment:checking '/home/itti_jammy/RoverBaldies_ws/install/baldybot_bringup/bin'
[1.102s] INFO:colcon.colcon_core.shell:Creating package script '/home/itti_jammy/RoverBaldies_ws/install/baldybot_bringup/share/baldybot_bringup/package.ps1'
[1.102s] INFO:colcon.colcon_core.shell:Creating package descriptor '/home/itti_jammy/RoverBaldies_ws/install/baldybot_bringup/share/baldybot_bringup/package.dsv'
[1.103s] INFO:colcon.colcon_core.shell:Creating package script '/home/itti_jammy/RoverBaldies_ws/install/baldybot_bringup/share/baldybot_bringup/package.sh'
[1.104s] INFO:colcon.colcon_core.shell:Creating package script '/home/itti_jammy/RoverBaldies_ws/install/baldybot_bringup/share/baldybot_bringup/package.bash'
[1.105s] INFO:colcon.colcon_core.shell:Creating package script '/home/itti_jammy/RoverBaldies_ws/install/baldybot_bringup/share/baldybot_bringup/package.zsh'
[1.106s] Level 1:colcon.colcon_core.environment:create_file_with_runtime_dependencies(/home/itti_jammy/RoverBaldies_ws/install/baldybot_bringup/share/colcon-core/packages/baldybot_bringup)
[1.107s] Level 1:colcon.colcon_core.environment:create_environment_scripts_only(baldybot_bringup)
[1.107s] Level 1:colcon.colcon_core.environment:checking '/home/itti_jammy/RoverBaldies_ws/install/baldybot_bringup' for CMake module files
[1.108s] Level 1:colcon.colcon_core.environment:checking '/home/itti_jammy/RoverBaldies_ws/install/baldybot_bringup' for CMake config files
[1.108s] Level 1:colcon.colcon_core.shell:create_environment_hook('baldybot_bringup', 'cmake_prefix_path')
[1.109s] INFO:colcon.colcon_core.shell:Creating environment hook '/home/itti_jammy/RoverBaldies_ws/install/baldybot_bringup/share/baldybot_bringup/hook/cmake_prefix_path.ps1'
[1.110s] INFO:colcon.colcon_core.shell:Creating environment descriptor '/home/itti_jammy/RoverBaldies_ws/install/baldybot_bringup/share/baldybot_bringup/hook/cmake_prefix_path.dsv'
[1.111s] INFO:colcon.colcon_core.shell:Creating environment hook '/home/itti_jammy/RoverBaldies_ws/install/baldybot_bringup/share/baldybot_bringup/hook/cmake_prefix_path.sh'
[1.111s] Level 1:colcon.colcon_core.environment:checking '/home/itti_jammy/RoverBaldies_ws/install/baldybot_bringup/bin'
[1.112s] Level 1:colcon.colcon_core.environment:checking '/home/itti_jammy/RoverBaldies_ws/install/baldybot_bringup/lib/pkgconfig/baldybot_bringup.pc'
[1.112s] Level 1:colcon.colcon_core.environment:checking '/home/itti_jammy/RoverBaldies_ws/install/baldybot_bringup/lib/python3.10/site-packages'
[1.112s] Level 1:colcon.colcon_core.environment:checking '/home/itti_jammy/RoverBaldies_ws/install/baldybot_bringup/bin'
[1.113s] INFO:colcon.colcon_core.shell:Creating package script '/home/itti_jammy/RoverBaldies_ws/install/baldybot_bringup/share/baldybot_bringup/package.ps1'
[1.114s] INFO:colcon.colcon_core.shell:Creating package descriptor '/home/itti_jammy/RoverBaldies_ws/install/baldybot_bringup/share/baldybot_bringup/package.dsv'
[1.115s] INFO:colcon.colcon_core.shell:Creating package script '/home/itti_jammy/RoverBaldies_ws/install/baldybot_bringup/share/baldybot_bringup/package.sh'
[1.116s] INFO:colcon.colcon_core.shell:Creating package script '/home/itti_jammy/RoverBaldies_ws/install/baldybot_bringup/share/baldybot_bringup/package.bash'
[1.116s] INFO:colcon.colcon_core.shell:Creating package script '/home/itti_jammy/RoverBaldies_ws/install/baldybot_bringup/share/baldybot_bringup/package.zsh'
[1.117s] Level 1:colcon.colcon_core.environment:create_file_with_runtime_dependencies(/home/itti_jammy/RoverBaldies_ws/install/baldybot_bringup/share/colcon-core/packages/baldybot_bringup)
[1.118s] DEBUG:colcon.colcon_parallel_executor.executor.parallel:closing loop
[1.119s] DEBUG:colcon.colcon_parallel_executor.executor.parallel:loop closed
[1.119s] DEBUG:colcon.colcon_parallel_executor.executor.parallel:run_until_complete finished with '0'
[1.119s] DEBUG:colcon.colcon_core.event_reactor:joining thread
[1.130s] INFO:colcon.colcon_core.plugin_system:Skipping extension 'colcon_notification.desktop_notification.terminal_notifier': Not used on non-Darwin systems
[1.130s] INFO:colcon.colcon_core.plugin_system:Skipping extension 'colcon_notification.desktop_notification.win32': Not used on non-Windows systems
[1.131s] INFO:colcon.colcon_notification.desktop_notification:Sending desktop notification using 'notify2'
[1.156s] DEBUG:colcon.colcon_core.event_reactor:joined thread
[1.156s] INFO:colcon.colcon_core.shell:Creating prefix script '/home/itti_jammy/RoverBaldies_ws/install/local_setup.ps1'
[1.159s] INFO:colcon.colcon_core.shell:Creating prefix util module '/home/itti_jammy/RoverBaldies_ws/install/_local_setup_util_ps1.py'
[1.163s] INFO:colcon.colcon_core.shell:Creating prefix chain script '/home/itti_jammy/RoverBaldies_ws/install/setup.ps1'
[1.166s] INFO:colcon.colcon_core.shell:Creating prefix script '/home/itti_jammy/RoverBaldies_ws/install/local_setup.sh'
[1.168s] INFO:colcon.colcon_core.shell:Creating prefix util module '/home/itti_jammy/RoverBaldies_ws/install/_local_setup_util_sh.py'
[1.169s] INFO:colcon.colcon_core.shell:Creating prefix chain script '/home/itti_jammy/RoverBaldies_ws/install/setup.sh'
[1.172s] INFO:colcon.colcon_core.shell:Creating prefix script '/home/itti_jammy/RoverBaldies_ws/install/local_setup.bash'
[1.173s] INFO:colcon.colcon_core.shell:Creating prefix chain script '/home/itti_jammy/RoverBaldies_ws/install/setup.bash'
[1.176s] INFO:colcon.colcon_core.shell:Creating prefix script '/home/itti_jammy/RoverBaldies_ws/install/local_setup.zsh'
[1.177s] INFO:colcon.colcon_core.shell:Creating prefix chain script '/home/itti_jammy/RoverBaldies_ws/install/setup.zsh'
