[0.015s] Invoking command in '/home/itti_jammy/RoverBaldies_ws/build/baldybot_description': CMAKE_PREFIX_PATH=${CMAKE_PREFIX_PATH}:/home/itti_jammy/ros2_ws_jammy/install/my_py_pkg:/opt/ros/humble /usr/bin/cmake --build /home/itti_jammy/RoverBaldies_ws/build/baldybot_description -- -j16 -l16
[0.075s] Invoked command in '/home/itti_jammy/RoverBaldies_ws/build/baldybot_description' returned '0': CMAKE_PREFIX_PATH=${CMAKE_PREFIX_PATH}:/home/itti_jammy/ros2_ws_jammy/install/my_py_pkg:/opt/ros/humble /usr/bin/cmake --build /home/itti_jammy/RoverBaldies_ws/build/baldybot_description -- -j16 -l16
[0.094s] Invoking command in '/home/itti_jammy/RoverBaldies_ws/build/baldybot_description': CMAKE_PREFIX_PATH=${CMAKE_PREFIX_PATH}:/home/itti_jammy/ros2_ws_jammy/install/my_py_pkg:/opt/ros/humble /usr/bin/cmake --install /home/itti_jammy/RoverBaldies_ws/build/baldybot_description
[0.112s] -- Install configuration: ""
[0.112s] -- Up-to-date: /home/itti_jammy/RoverBaldies_ws/install/baldybot_description/share/baldybot_description//urdf
[0.112s] -- Up-to-date: /home/itti_jammy/RoverBaldies_ws/install/baldybot_description/share/baldybot_description//urdf/mobile_base.xacro
[0.113s] -- Up-to-date: /home/itti_jammy/RoverBaldies_ws/install/baldybot_description/share/baldybot_description//urdf/common_properties.xacro
[0.113s] -- Up-to-date: /home/itti_jammy/RoverBaldies_ws/install/baldybot_description/share/baldybot_description//urdf/baldybot.xacro
[0.113s] -- Up-to-date: /home/itti_jammy/RoverBaldies_ws/install/baldybot_description/share/baldybot_description//urdf/mobile_base_gazebo.xacro
[0.113s] -- Up-to-date: /home/itti_jammy/RoverBaldies_ws/install/baldybot_description/share/baldybot_description//urdf/s3_my_robot.urdf
[0.114s] -- Up-to-date: /home/itti_jammy/RoverBaldies_ws/install/baldybot_description/share/baldybot_description//launch
[0.114s] -- Installing: /home/itti_jammy/RoverBaldies_ws/install/baldybot_description/share/baldybot_description//launch/display.launch.xml
[0.114s] -- Up-to-date: /home/itti_jammy/RoverBaldies_ws/install/baldybot_description/share/baldybot_description//rviz
[0.114s] -- Up-to-date: /home/itti_jammy/RoverBaldies_ws/install/baldybot_description/share/ament_index/resource_index/package_run_dependencies/baldybot_description
[0.114s] -- Up-to-date: /home/itti_jammy/RoverBaldies_ws/install/baldybot_description/share/ament_index/resource_index/parent_prefix_path/baldybot_description
[0.114s] -- Up-to-date: /home/itti_jammy/RoverBaldies_ws/install/baldybot_description/share/baldybot_description/environment/ament_prefix_path.sh
[0.114s] -- Up-to-date: /home/itti_jammy/RoverBaldies_ws/install/baldybot_description/share/baldybot_description/environment/ament_prefix_path.dsv
[0.115s] -- Up-to-date: /home/itti_jammy/RoverBaldies_ws/install/baldybot_description/share/baldybot_description/environment/path.sh
[0.115s] -- Up-to-date: /home/itti_jammy/RoverBaldies_ws/install/baldybot_description/share/baldybot_description/environment/path.dsv
[0.115s] -- Up-to-date: /home/itti_jammy/RoverBaldies_ws/install/baldybot_description/share/baldybot_description/local_setup.bash
[0.116s] -- Up-to-date: /home/itti_jammy/RoverBaldies_ws/install/baldybot_description/share/baldybot_description/local_setup.sh
[0.116s] -- Up-to-date: /home/itti_jammy/RoverBaldies_ws/install/baldybot_description/share/baldybot_description/local_setup.zsh
[0.116s] -- Up-to-date: /home/itti_jammy/RoverBaldies_ws/install/baldybot_description/share/baldybot_description/local_setup.dsv
[0.116s] -- Installing: /home/itti_jammy/RoverBaldies_ws/install/baldybot_description/share/baldybot_description/package.dsv
[0.116s] -- Up-to-date: /home/itti_jammy/RoverBaldies_ws/install/baldybot_description/share/ament_index/resource_index/packages/baldybot_description
[0.117s] -- Up-to-date: /home/itti_jammy/RoverBaldies_ws/install/baldybot_description/share/baldybot_description/cmake/baldybot_descriptionConfig.cmake
[0.117s] -- Up-to-date: /home/itti_jammy/RoverBaldies_ws/install/baldybot_description/share/baldybot_description/cmake/baldybot_descriptionConfig-version.cmake
[0.117s] -- Up-to-date: /home/itti_jammy/RoverBaldies_ws/install/baldybot_description/share/baldybot_description/package.xml
[0.117s] Invoked command in '/home/itti_jammy/RoverBaldies_ws/build/baldybot_description' returned '0': CMAKE_PREFIX_PATH=${CMAKE_PREFIX_PATH}:/home/itti_jammy/ros2_ws_jammy/install/my_py_pkg:/opt/ros/humble /usr/bin/cmake --install /home/itti_jammy/RoverBaldies_ws/build/baldybot_description
